[0.077s] Invoking command in '/home/rosuser/ros2_ws/build/cpp_pubsub': CMAKE_PREFIX_PATH=/opt/ros/humble /usr/bin/cmake /home/rosuser/ros2_ws/src/cpp_pubsub -DCMAKE_INSTALL_PREFIX=/home/rosuser/ros2_ws/install/cpp_pubsub
[0.858s] -- The C compiler identification is GNU 11.4.0
[1.398s] -- The CXX compiler identification is GNU 11.4.0
[1.447s] -- Detecting C compiler ABI info
[2.330s] -- Detecting C compiler ABI info - done
[2.360s] -- Check for working C compiler: /usr/bin/cc - skipped
[2.361s] -- Detecting C compile features
[2.362s] -- Detecting C compile features - done
[2.369s] -- Detecting CXX compiler ABI info
[3.195s] -- Detecting CXX compiler ABI info - done
[3.222s] -- Check for working CXX compiler: /usr/bin/c++ - skipped
[3.222s] -- Detecting CXX compile features
[3.222s] -- Detecting CXX compile features - done
[3.239s] -- Found ament_cmake: 1.3.12 (/opt/ros/humble/share/ament_cmake/cmake)
[4.212s] -- Found Python3: /usr/bin/python3 (found version "3.10.12") found components: Interpreter 
[4.510s] -- Found rclcpp: 16.0.14 (/opt/ros/humble/share/rclcpp/cmake)
[4.579s] -- Found rosidl_generator_c: 3.1.7 (/opt/ros/humble/share/rosidl_generator_c/cmake)
[4.583s] -- Found rosidl_adapter: 3.1.7 (/opt/ros/humble/share/rosidl_adapter/cmake)
[4.597s] -- Found rosidl_generator_cpp: 3.1.7 (/opt/ros/humble/share/rosidl_generator_cpp/cmake)
[4.615s] -- Using all available rosidl_typesupport_c: rosidl_typesupport_fastrtps_c;rosidl_typesupport_introspection_c
[4.637s] -- Using all available rosidl_typesupport_cpp: rosidl_typesupport_fastrtps_cpp;rosidl_typesupport_introspection_cpp
[4.699s] -- Found rmw_implementation_cmake: 6.1.2 (/opt/ros/humble/share/rmw_implementation_cmake/cmake)
[4.706s] -- Found rmw_fastrtps_cpp: 6.2.8 (/opt/ros/humble/share/rmw_fastrtps_cpp/cmake)
[5.357s] -- Found OpenSSL: /usr/lib/x86_64-linux-gnu/libcrypto.so (found version "3.0.2")  
[5.407s] -- Found FastRTPS: /opt/ros/humble/include  
[5.493s] -- Using RMW implementation 'rmw_fastrtps_cpp' as default
[5.508s] -- Looking for pthread.h
[6.313s] -- Looking for pthread.h - found
[6.315s] -- Performing Test CMAKE_HAVE_LIBC_PTHREAD
[7.142s] -- Performing Test CMAKE_HAVE_LIBC_PTHREAD - Success
[7.146s] -- Found Threads: TRUE  
[7.235s] -- Found ament_lint_auto: 0.12.14 (/opt/ros/humble/share/ament_lint_auto/cmake)
[7.508s] -- Added test 'cppcheck' to perform static code analysis on C / C++ code
[7.510s] -- Configured cppcheck include dirs: 
[7.510s] -- Configured cppcheck exclude dirs and/or files: 
[7.512s] -- Added test 'lint_cmake' to check CMake code style
[7.520s] -- Added test 'uncrustify' to check C / C++ code style
[7.521s] -- Configured uncrustify additional arguments: 
[7.522s] -- Added test 'xmllint' to check XML markup files
[7.533s] -- Configuring done
[7.549s] [31mCMake Error at CMakeLists.txt:16 (add_executable):
[7.550s]   Target "talker" links to target
[7.550s]   "rclcpp::rclcppstd_msgs::std_msgs__rosidl_generator_c" but the target was
[7.551s]   not found.  Perhaps a find_package() call is missing for an IMPORTED
[7.551s]   target, or an ALIAS target is missing?
[7.552s] 
[7.552s] [0m
[7.610s] -- Generating done
[7.620s] [0mCMake Generate step failed.  Build files cannot be regenerated correctly.[0m
[7.634s] Invoked command in '/home/rosuser/ros2_ws/build/cpp_pubsub' returned '1': CMAKE_PREFIX_PATH=/opt/ros/humble /usr/bin/cmake /home/rosuser/ros2_ws/src/cpp_pubsub -DCMAKE_INSTALL_PREFIX=/home/rosuser/ros2_ws/install/cpp_pubsub
