[0.072s] Invoking command in '/home/rosuser/ros2_ws/build/cpp_pubsub': CMAKE_PREFIX_PATH=/opt/ros/humble /usr/bin/cmake --build /home/rosuser/ros2_ws/build/cpp_pubsub -- -j8 -l8
[0.555s] [35m[1mConsolidate compiler generated dependencies of target talker[0m
[0.707s] [ 50%] Built target listener
[0.832s] [ 75%] [32mBuilding CXX object CMakeFiles/talker.dir/src/publisher.cpp.o[0m
[6.258s] [100%] [32m[1mLinking CXX executable talker[0m
[7.002s] [100%] Built target talker
[7.071s] Invoked command in '/home/rosuser/ros2_ws/build/cpp_pubsub' returned '0': CMAKE_PREFIX_PATH=/opt/ros/humble /usr/bin/cmake --build /home/rosuser/ros2_ws/build/cpp_pubsub -- -j8 -l8
[7.144s] Invoking command in '/home/rosuser/ros2_ws/build/cpp_pubsub': CMAKE_PREFIX_PATH=/opt/ros/humble /usr/bin/cmake --install /home/rosuser/ros2_ws/build/cpp_pubsub
[7.226s] -- Install configuration: ""
[7.228s] -- Installing: /home/rosuser/ros2_ws/install/cpp_pubsub/lib/cpp_pubsub/talker
[7.247s] -- Set runtime path of "/home/rosuser/ros2_ws/install/cpp_pubsub/lib/cpp_pubsub/talker" to ""
[7.248s] -- Installing: /home/rosuser/ros2_ws/install/cpp_pubsub/lib/cpp_pubsub/listener
[7.283s] -- Set runtime path of "/home/rosuser/ros2_ws/install/cpp_pubsub/lib/cpp_pubsub/listener" to ""
[7.285s] -- Installing: /home/rosuser/ros2_ws/install/cpp_pubsub/share/ament_index/resource_index/package_run_dependencies/cpp_pubsub
[7.288s] -- Installing: /home/rosuser/ros2_ws/install/cpp_pubsub/share/ament_index/resource_index/parent_prefix_path/cpp_pubsub
[7.290s] -- Installing: /home/rosuser/ros2_ws/install/cpp_pubsub/share/cpp_pubsub/environment/ament_prefix_path.sh
[7.293s] -- Installing: /home/rosuser/ros2_ws/install/cpp_pubsub/share/cpp_pubsub/environment/ament_prefix_path.dsv
[7.294s] -- Installing: /home/rosuser/ros2_ws/install/cpp_pubsub/share/cpp_pubsub/environment/path.sh
[7.296s] -- Installing: /home/rosuser/ros2_ws/install/cpp_pubsub/share/cpp_pubsub/environment/path.dsv
[7.299s] -- Installing: /home/rosuser/ros2_ws/install/cpp_pubsub/share/cpp_pubsub/local_setup.bash
[7.301s] -- Installing: /home/rosuser/ros2_ws/install/cpp_pubsub/share/cpp_pubsub/local_setup.sh
[7.303s] -- Installing: /home/rosuser/ros2_ws/install/cpp_pubsub/share/cpp_pubsub/local_setup.zsh
[7.305s] -- Installing: /home/rosuser/ros2_ws/install/cpp_pubsub/share/cpp_pubsub/local_setup.dsv
[7.308s] -- Installing: /home/rosuser/ros2_ws/install/cpp_pubsub/share/cpp_pubsub/package.dsv
[7.310s] -- Installing: /home/rosuser/ros2_ws/install/cpp_pubsub/share/ament_index/resource_index/packages/cpp_pubsub
[7.312s] -- Installing: /home/rosuser/ros2_ws/install/cpp_pubsub/share/cpp_pubsub/cmake/cpp_pubsubConfig.cmake
[7.315s] -- Installing: /home/rosuser/ros2_ws/install/cpp_pubsub/share/cpp_pubsub/cmake/cpp_pubsubConfig-version.cmake
[7.316s] -- Installing: /home/rosuser/ros2_ws/install/cpp_pubsub/share/cpp_pubsub/package.xml
[7.330s] Invoked command in '/home/rosuser/ros2_ws/build/cpp_pubsub' returned '0': CMAKE_PREFIX_PATH=/opt/ros/humble /usr/bin/cmake --install /home/rosuser/ros2_ws/build/cpp_pubsub
