[0.070s] Invoking command in '/home/rosuser/ros2_ws/build/cpp_pubsub': CMAKE_PREFIX_PATH=/opt/ros/humble /usr/bin/cmake /home/rosuser/ros2_ws/src/cpp_pubsub -DCMAKE_INSTALL_PREFIX=/home/rosuser/ros2_ws/install/cpp_pubsub
[0.191s] -- Found ament_cmake: 1.3.12 (/opt/ros/humble/share/ament_cmake/cmake)
[0.790s] -- Found rclcpp: 16.0.14 (/opt/ros/humble/share/rclcpp/cmake)
[0.832s] -- Found rosidl_generator_c: 3.1.7 (/opt/ros/humble/share/rosidl_generator_c/cmake)
[0.839s] -- Found rosidl_adapter: 3.1.7 (/opt/ros/humble/share/rosidl_adapter/cmake)
[0.843s] -- Found rosidl_generator_cpp: 3.1.7 (/opt/ros/humble/share/rosidl_generator_cpp/cmake)
[0.859s] -- Using all available rosidl_typesupport_c: rosidl_typesupport_fastrtps_c;rosidl_typesupport_introspection_c
[0.876s] -- Using all available rosidl_typesupport_cpp: rosidl_typesupport_fastrtps_cpp;rosidl_typesupport_introspection_cpp
[0.917s] -- Found rmw_implementation_cmake: 6.1.2 (/opt/ros/humble/share/rmw_implementation_cmake/cmake)
[0.926s] -- Found rmw_fastrtps_cpp: 6.2.8 (/opt/ros/humble/share/rmw_fastrtps_cpp/cmake)
[1.130s] -- Using RMW implementation 'rmw_fastrtps_cpp' as default
[1.221s] -- Found ament_lint_auto: 0.12.14 (/opt/ros/humble/share/ament_lint_auto/cmake)
[1.481s] -- Added test 'cppcheck' to perform static code analysis on C / C++ code
[1.481s] -- Configured cppcheck include dirs: 
[1.482s] -- Configured cppcheck exclude dirs and/or files: 
[1.484s] -- Added test 'lint_cmake' to check CMake code style
[1.491s] -- Added test 'uncrustify' to check C / C++ code style
[1.491s] -- Configured uncrustify additional arguments: 
[1.492s] -- Added test 'xmllint' to check XML markup files
[1.500s] -- Configuring done
[1.635s] -- Generating done
[1.677s] -- Build files have been written to: /home/rosuser/ros2_ws/build/cpp_pubsub
[1.696s] Invoked command in '/home/rosuser/ros2_ws/build/cpp_pubsub' returned '0': CMAKE_PREFIX_PATH=/opt/ros/humble /usr/bin/cmake /home/rosuser/ros2_ws/src/cpp_pubsub -DCMAKE_INSTALL_PREFIX=/home/rosuser/ros2_ws/install/cpp_pubsub
[1.703s] Invoking command in '/home/rosuser/ros2_ws/build/cpp_pubsub': CMAKE_PREFIX_PATH=/opt/ros/humble /usr/bin/cmake --build /home/rosuser/ros2_ws/build/cpp_pubsub -- -j8 -l8
[2.415s] [ 25%] [32mBuilding CXX object CMakeFiles/talker.dir/src/publisher.cpp.o[0m
[2.429s] [ 50%] [32mBuilding CXX object CMakeFiles/listener.dir/src/subscriber.cpp.o[0m
[2.909s] [01m[K/home/rosuser/ros2_ws/src/cpp_pubsub/src/publisher.cpp:5:10:[m[K [01;31m[Kfatal error: [m[Krclpp/rclpp.hpp: No such file or directory
[2.913s]     5 | #include [01;31m[K"rclpp/rclpp.hpp"[m[K
[2.913s]       |          [01;31m[K^~~~~~~~~~~~~~~~~[m[K
[2.914s] compilation terminated.
[2.919s] gmake[2]: *** [CMakeFiles/talker.dir/build.make:76: CMakeFiles/talker.dir/src/publisher.cpp.o] Error 1
[2.924s] gmake[1]: *** [CMakeFiles/Makefile2:139: CMakeFiles/talker.dir/all] Error 2
[2.925s] gmake[1]: *** Waiting for unfinished jobs....
[12.626s] [ 75%] [32m[1mLinking CXX executable listener[0m
[14.148s] [ 75%] Built target listener
[14.154s] gmake: *** [Makefile:146: all] Error 2
[14.173s] Invoked command in '/home/rosuser/ros2_ws/build/cpp_pubsub' returned '2': CMAKE_PREFIX_PATH=/opt/ros/humble /usr/bin/cmake --build /home/rosuser/ros2_ws/build/cpp_pubsub -- -j8 -l8
