[0.087s] Invoking command in '/home/rosuser/ros2_ws/build/turtlesim': CMAKE_PREFIX_PATH=/opt/ros/humble /usr/bin/cmake /home/rosuser/ros2_ws/src/ros_tutorials/turtlesim -DCMAKE_INSTALL_PREFIX=/home/rosuser/ros2_ws/install/turtlesim
[0.832s] -- The C compiler identification is GNU 11.4.0
[1.393s] -- The CXX compiler identification is GNU 11.4.0
[1.441s] -- Detecting C compiler ABI info
[2.324s] -- Detecting C compiler ABI info - done
[2.351s] -- Check for working C compiler: /usr/bin/cc - skipped
[2.352s] -- Detecting C compile features
[2.352s] -- Detecting C compile features - done
[2.358s] -- Detecting CXX compiler ABI info
[3.205s] -- Detecting CXX compiler ABI info - done
[3.235s] -- Check for working CXX compiler: /usr/bin/c++ - skipped
[3.235s] -- Detecting CXX compile features
[3.235s] -- Detecting CXX compile features - done
[3.254s] -- Found ament_cmake: 1.3.12 (/opt/ros/humble/share/ament_cmake/cmake)
[4.237s] -- Found Python3: /usr/bin/python3 (found version "3.10.12") found components: Interpreter 
[4.533s] -- Found ament_index_cpp: 1.4.0 (/opt/ros/humble/share/ament_index_cpp/cmake)
[4.535s] -- Found geometry_msgs: 4.9.0 (/opt/ros/humble/share/geometry_msgs/cmake)
[4.588s] -- Found rosidl_generator_c: 3.1.7 (/opt/ros/humble/share/rosidl_generator_c/cmake)
[4.594s] -- Found rosidl_adapter: 3.1.7 (/opt/ros/humble/share/rosidl_adapter/cmake)
[4.609s] -- Found rosidl_generator_cpp: 3.1.7 (/opt/ros/humble/share/rosidl_generator_cpp/cmake)
[4.629s] -- Using all available rosidl_typesupport_c: rosidl_typesupport_fastrtps_c;rosidl_typesupport_introspection_c
[4.653s] -- Using all available rosidl_typesupport_cpp: rosidl_typesupport_fastrtps_cpp;rosidl_typesupport_introspection_cpp
[4.751s] -- Found rclcpp: 16.0.14 (/opt/ros/humble/share/rclcpp/cmake)
[4.804s] -- Found rmw_implementation_cmake: 6.1.2 (/opt/ros/humble/share/rmw_implementation_cmake/cmake)
[4.808s] -- Found rmw_fastrtps_cpp: 6.2.8 (/opt/ros/humble/share/rmw_fastrtps_cpp/cmake)
[5.477s] -- Found OpenSSL: /usr/lib/x86_64-linux-gnu/libcrypto.so (found version "3.0.2")  
[5.528s] -- Found FastRTPS: /opt/ros/humble/include  
[5.614s] -- Using RMW implementation 'rmw_fastrtps_cpp' as default
[5.630s] -- Looking for pthread.h
[6.445s] -- Looking for pthread.h - found
[6.447s] -- Performing Test CMAKE_HAVE_LIBC_PTHREAD
[7.293s] -- Performing Test CMAKE_HAVE_LIBC_PTHREAD - Success
[7.296s] -- Found Threads: TRUE  
[7.363s] -- Found rclcpp_action: 16.0.14 (/opt/ros/humble/share/rclcpp_action/cmake)
[7.419s] -- Found rosidl_default_generators: 1.2.0 (/opt/ros/humble/share/rosidl_default_generators/cmake)
[7.431s] -- Found std_srvs: 4.9.0 (/opt/ros/humble/share/std_srvs/cmake)
[8.761s] -- Found ament_cmake_ros: 0.10.0 (/opt/ros/humble/share/ament_cmake_ros/cmake)
[10.515s] -- Using all available rosidl_typesupport_c: rosidl_typesupport_fastrtps_c;rosidl_typesupport_introspection_c
[11.212s] -- Using all available rosidl_typesupport_cpp: rosidl_typesupport_fastrtps_cpp;rosidl_typesupport_introspection_cpp
[11.362s] -- Found PythonInterp: /usr/bin/python3 (found suitable version "3.10.12", minimum required is "3.6") 
[11.365s] -- Found python_cmake_module: 0.10.0 (/opt/ros/humble/share/python_cmake_module/cmake)
[11.519s] -- Found PythonLibs: /usr/lib/x86_64-linux-gnu/libpython3.10.so (found suitable version "3.10.12", minimum required is "3.5") 
[11.520s] -- Using PYTHON_EXECUTABLE: /usr/bin/python3
[11.520s] -- Using PYTHON_INCLUDE_DIRS: /usr/include/python3.10
[11.520s] -- Using PYTHON_LIBRARIES: /usr/lib/x86_64-linux-gnu/libpython3.10.so
[11.669s] -- Found PythonExtra: .so  
[11.934s] -- Configuring done
[12.276s] -- Generating done
[12.378s] -- Build files have been written to: /home/rosuser/ros2_ws/build/turtlesim
[12.397s] Invoked command in '/home/rosuser/ros2_ws/build/turtlesim' returned '0': CMAKE_PREFIX_PATH=/opt/ros/humble /usr/bin/cmake /home/rosuser/ros2_ws/src/ros_tutorials/turtlesim -DCMAKE_INSTALL_PREFIX=/home/rosuser/ros2_ws/install/turtlesim
[12.404s] Invoking command in '/home/rosuser/ros2_ws/build/turtlesim': CMAKE_PREFIX_PATH=/opt/ros/humble /usr/bin/cmake --build /home/rosuser/ros2_ws/build/turtlesim -- -j8 -l8
[12.883s] [  1%] [34m[1mGenerating C code for ROS interfaces[0m
[13.050s] [  2%] [34m[1mGenerating C++ code for ROS interfaces[0m
[13.105s] [  2%] Built target ament_cmake_python_copy_turtlesim
[14.133s] running egg_info
[14.134s] creating turtlesim.egg-info
[14.136s] writing turtlesim.egg-info/PKG-INFO
[14.137s] writing dependency_links to turtlesim.egg-info/dependency_links.txt
[14.140s] writing top-level names to turtlesim.egg-info/top_level.txt
[14.141s] writing manifest file 'turtlesim.egg-info/SOURCES.txt'
[14.153s] reading manifest file 'turtlesim.egg-info/SOURCES.txt'
[14.160s] writing manifest file 'turtlesim.egg-info/SOURCES.txt'
[14.338s] [  2%] Built target ament_cmake_python_build_turtlesim_egg
[17.154s] [  3%] [32mBuilding C object CMakeFiles/turtlesim__rosidl_generator_c.dir/rosidl_generator_c/turtlesim/srv/detail/teleport_absolute__functions.c.o[0m
[17.158s] [  5%] [32mBuilding C object CMakeFiles/turtlesim__rosidl_generator_c.dir/rosidl_generator_c/turtlesim/srv/detail/set_pen__functions.c.o[0m
[17.162s] [  6%] [32mBuilding C object CMakeFiles/turtlesim__rosidl_generator_c.dir/rosidl_generator_c/turtlesim/msg/detail/color__functions.c.o[0m
[17.173s] [  6%] [32mBuilding C object CMakeFiles/turtlesim__rosidl_generator_c.dir/rosidl_generator_c/turtlesim/msg/detail/pose__functions.c.o[0m
[17.178s] [  7%] [32mBuilding C object CMakeFiles/turtlesim__rosidl_generator_c.dir/rosidl_generator_c/turtlesim/srv/detail/kill__functions.c.o[0m
[17.190s] [  7%] Built target turtlesim__cpp
[17.200s] [  8%] [32mBuilding C object CMakeFiles/turtlesim__rosidl_generator_c.dir/rosidl_generator_c/turtlesim/action/detail/rotate_absolute__functions.c.o[0m
[17.232s] [  9%] [32mBuilding C object CMakeFiles/turtlesim__rosidl_generator_c.dir/rosidl_generator_c/turtlesim/srv/detail/spawn__functions.c.o[0m
[17.347s] [ 10%] [32mBuilding C object CMakeFiles/turtlesim__rosidl_generator_c.dir/rosidl_generator_c/turtlesim/srv/detail/teleport_relative__functions.c.o[0m
[18.442s] [ 11%] [34m[1mGenerating C++ type support for eProsima Fast-RTPS[0m
[18.453s] [ 12%] [34m[1mGenerating C++ type support dispatch for ROS interfaces[0m
[18.474s] [ 13%] [34m[1mGenerating C++ introspection for ROS interfaces[0m
[18.561s] [ 14%] [32m[1mLinking C shared library libturtlesim__rosidl_generator_c.so[0m
[19.219s] [ 14%] Built target turtlesim__rosidl_generator_c
[19.500s] [ 15%] [34m[1mGenerating C introspection for ROS interfaces[0m
[19.555s] [ 16%] [34m[1mGenerating C type support for eProsima Fast-RTPS[0m
[19.566s] [ 17%] [34m[1mGenerating C type support dispatch for ROS interfaces[0m
[21.993s] [ 18%] [32mBuilding CXX object CMakeFiles/turtlesim__rosidl_typesupport_cpp.dir/rosidl_typesupport_cpp/turtlesim/action/rotate_absolute__type_support.cpp.o[0m
[22.353s] [ 19%] [32mBuilding CXX object CMakeFiles/turtlesim__rosidl_typesupport_cpp.dir/rosidl_typesupport_cpp/turtlesim/msg/pose__type_support.cpp.o[0m
[22.367s] [ 20%] [32mBuilding CXX object CMakeFiles/turtlesim__rosidl_typesupport_cpp.dir/rosidl_typesupport_cpp/turtlesim/msg/color__type_support.cpp.o[0m
[23.458s] [ 21%] [32mBuilding CXX object CMakeFiles/turtlesim__rosidl_typesupport_introspection_cpp.dir/rosidl_typesupport_introspection_cpp/turtlesim/action/detail/rotate_absolute__type_support.cpp.o[0m
[23.557s] [ 22%] [32mBuilding CXX object CMakeFiles/turtlesim__rosidl_typesupport_c.dir/rosidl_typesupport_c/turtlesim/action/rotate_absolute__type_support.cpp.o[0m
[24.321s] [ 23%] [32mBuilding CXX object CMakeFiles/turtlesim__rosidl_typesupport_fastrtps_cpp.dir/rosidl_typesupport_fastrtps_cpp/turtlesim/action/detail/dds_fastrtps/rotate_absolute__type_support.cpp.o[0m
[24.553s] [ 24%] [32mBuilding CXX object CMakeFiles/turtlesim__rosidl_typesupport_c.dir/rosidl_typesupport_c/turtlesim/msg/color__type_support.cpp.o[0m
[24.567s] [ 25%] [32mBuilding CXX object CMakeFiles/turtlesim__rosidl_typesupport_fastrtps_cpp.dir/rosidl_typesupport_fastrtps_cpp/turtlesim/msg/detail/dds_fastrtps/color__type_support.cpp.o[0m
[24.801s] [ 26%] [32mBuilding CXX object CMakeFiles/turtlesim__rosidl_typesupport_introspection_cpp.dir/rosidl_typesupport_introspection_cpp/turtlesim/msg/detail/color__type_support.cpp.o[0m
[25.151s] [ 27%] [32mBuilding C object CMakeFiles/turtlesim__rosidl_typesupport_introspection_c.dir/rosidl_typesupport_introspection_c/turtlesim/action/detail/rotate_absolute__type_support.c.o[0m
[25.261s] [ 28%] [32mBuilding CXX object CMakeFiles/turtlesim__rosidl_typesupport_cpp.dir/rosidl_typesupport_cpp/turtlesim/srv/kill__type_support.cpp.o[0m
[25.325s] [ 29%] [32mBuilding CXX object CMakeFiles/turtlesim__rosidl_typesupport_fastrtps_c.dir/rosidl_typesupport_fastrtps_c/turtlesim/action/detail/rotate_absolute__type_support_c.cpp.o[0m
[25.486s] [ 30%] [32mBuilding CXX object CMakeFiles/turtlesim__rosidl_typesupport_c.dir/rosidl_typesupport_c/turtlesim/msg/pose__type_support.cpp.o[0m
[26.376s] [ 31%] [32mBuilding C object CMakeFiles/turtlesim__rosidl_typesupport_introspection_c.dir/rosidl_typesupport_introspection_c/turtlesim/msg/detail/color__type_support.c.o[0m
[26.667s] [ 32%] [32mBuilding CXX object CMakeFiles/turtlesim__rosidl_typesupport_c.dir/rosidl_typesupport_c/turtlesim/srv/kill__type_support.cpp.o[0m
[26.920s] [ 33%] [32mBuilding CXX object CMakeFiles/turtlesim__rosidl_typesupport_introspection_cpp.dir/rosidl_typesupport_introspection_cpp/turtlesim/msg/detail/pose__type_support.cpp.o[0m
[27.533s] [ 34%] [32mBuilding CXX object CMakeFiles/turtlesim__rosidl_typesupport_cpp.dir/rosidl_typesupport_cpp/turtlesim/srv/set_pen__type_support.cpp.o[0m
[27.533s] [ 35%] [32mBuilding C object CMakeFiles/turtlesim__rosidl_typesupport_introspection_c.dir/rosidl_typesupport_introspection_c/turtlesim/msg/detail/pose__type_support.c.o[0m
[27.549s] [ 36%] [32mBuilding CXX object CMakeFiles/turtlesim__rosidl_typesupport_fastrtps_c.dir/rosidl_typesupport_fastrtps_c/turtlesim/msg/detail/color__type_support_c.cpp.o[0m
[27.668s] [ 37%] [32mBuilding CXX object CMakeFiles/turtlesim__rosidl_typesupport_c.dir/rosidl_typesupport_c/turtlesim/srv/set_pen__type_support.cpp.o[0m
[27.775s] [ 38%] [32mBuilding CXX object CMakeFiles/turtlesim__rosidl_typesupport_c.dir/rosidl_typesupport_c/turtlesim/srv/spawn__type_support.cpp.o[0m
[28.006s] [ 39%] [32mBuilding CXX object CMakeFiles/turtlesim__rosidl_typesupport_fastrtps_cpp.dir/rosidl_typesupport_fastrtps_cpp/turtlesim/msg/detail/dds_fastrtps/pose__type_support.cpp.o[0m
[28.504s] [ 40%] [32mBuilding C object CMakeFiles/turtlesim__rosidl_typesupport_introspection_c.dir/rosidl_typesupport_introspection_c/turtlesim/srv/detail/kill__type_support.c.o[0m
[28.532s] [ 41%] [32mBuilding CXX object CMakeFiles/turtlesim__rosidl_typesupport_fastrtps_c.dir/rosidl_typesupport_fastrtps_c/turtlesim/msg/detail/pose__type_support_c.cpp.o[0m
[28.594s] [ 42%] [32mBuilding CXX object CMakeFiles/turtlesim__rosidl_typesupport_c.dir/rosidl_typesupport_c/turtlesim/srv/teleport_absolute__type_support.cpp.o[0m
[28.794s] [ 43%] [32mBuilding CXX object CMakeFiles/turtlesim__rosidl_typesupport_fastrtps_c.dir/rosidl_typesupport_fastrtps_c/turtlesim/srv/detail/kill__type_support_c.cpp.o[0m
[29.452s] [ 44%] [32mBuilding CXX object CMakeFiles/turtlesim__rosidl_typesupport_introspection_cpp.dir/rosidl_typesupport_introspection_cpp/turtlesim/srv/detail/kill__type_support.cpp.o[0m
[29.568s] [ 45%] [32mBuilding CXX object CMakeFiles/turtlesim__rosidl_typesupport_cpp.dir/rosidl_typesupport_cpp/turtlesim/srv/spawn__type_support.cpp.o[0m
[29.662s] [ 46%] [32mBuilding C object CMakeFiles/turtlesim__rosidl_typesupport_introspection_c.dir/rosidl_typesupport_introspection_c/turtlesim/srv/detail/set_pen__type_support.c.o[0m
[29.751s] [ 47%] [32mBuilding CXX object CMakeFiles/turtlesim__rosidl_typesupport_c.dir/rosidl_typesupport_c/turtlesim/srv/teleport_relative__type_support.cpp.o[0m
[30.089s] [ 48%] [32mBuilding CXX object CMakeFiles/turtlesim__rosidl_typesupport_fastrtps_c.dir/rosidl_typesupport_fastrtps_c/turtlesim/srv/detail/set_pen__type_support_c.cpp.o[0m
[30.698s] [ 49%] [32mBuilding C object CMakeFiles/turtlesim__rosidl_typesupport_introspection_c.dir/rosidl_typesupport_introspection_c/turtlesim/srv/detail/spawn__type_support.c.o[0m
[30.718s] [ 50%] [32m[1mLinking CXX shared library libturtlesim__rosidl_typesupport_c.so[0m
[30.845s] [ 51%] [32mBuilding CXX object CMakeFiles/turtlesim__rosidl_typesupport_fastrtps_cpp.dir/rosidl_typesupport_fastrtps_cpp/turtlesim/srv/detail/dds_fastrtps/kill__type_support.cpp.o[0m
[31.057s] [ 52%] [32mBuilding C object CMakeFiles/turtlesim__rosidl_typesupport_introspection_c.dir/rosidl_typesupport_introspection_c/turtlesim/srv/detail/teleport_absolute__type_support.c.o[0m
[31.344s] [ 53%] [32mBuilding CXX object CMakeFiles/turtlesim__rosidl_typesupport_introspection_cpp.dir/rosidl_typesupport_introspection_cpp/turtlesim/srv/detail/set_pen__type_support.cpp.o[0m
[31.596s] [ 53%] Built target turtlesim__rosidl_typesupport_c
[31.668s] [ 54%] [32mBuilding CXX object CMakeFiles/turtlesim__rosidl_typesupport_cpp.dir/rosidl_typesupport_cpp/turtlesim/srv/teleport_absolute__type_support.cpp.o[0m
[31.770s] [ 55%] [32mBuilding CXX object CMakeFiles/turtlesim__rosidl_typesupport_fastrtps_cpp.dir/rosidl_typesupport_fastrtps_cpp/turtlesim/srv/detail/dds_fastrtps/set_pen__type_support.cpp.o[0m
[31.803s] [ 56%] [32mBuilding CXX object CMakeFiles/turtlesim__rosidl_typesupport_fastrtps_c.dir/rosidl_typesupport_fastrtps_c/turtlesim/srv/detail/spawn__type_support_c.cpp.o[0m
[31.865s] [ 57%] [32mBuilding CXX object CMakeFiles/turtlesim__rosidl_typesupport_cpp.dir/rosidl_typesupport_cpp/turtlesim/srv/teleport_relative__type_support.cpp.o[0m
[32.012s] [ 58%] [32mBuilding C object CMakeFiles/turtlesim__rosidl_typesupport_introspection_c.dir/rosidl_typesupport_introspection_c/turtlesim/srv/detail/teleport_relative__type_support.c.o[0m
[32.637s] [ 59%] [32mBuilding CXX object CMakeFiles/turtlesim__rosidl_typesupport_fastrtps_c.dir/rosidl_typesupport_fastrtps_c/turtlesim/srv/detail/teleport_absolute__type_support_c.cpp.o[0m
[33.108s] [ 60%] [32m[1mLinking C shared library libturtlesim__rosidl_typesupport_introspection_c.so[0m
[33.872s] [ 61%] [32mBuilding CXX object CMakeFiles/turtlesim__rosidl_typesupport_introspection_cpp.dir/rosidl_typesupport_introspection_cpp/turtlesim/srv/detail/spawn__type_support.cpp.o[0m
[33.924s] [ 62%] [32mBuilding CXX object CMakeFiles/turtlesim__rosidl_typesupport_fastrtps_cpp.dir/rosidl_typesupport_fastrtps_cpp/turtlesim/srv/detail/dds_fastrtps/spawn__type_support.cpp.o[0m
[33.984s] [ 63%] [32mBuilding CXX object CMakeFiles/turtlesim__rosidl_typesupport_introspection_cpp.dir/rosidl_typesupport_introspection_cpp/turtlesim/srv/detail/teleport_absolute__type_support.cpp.o[0m
[34.049s] [ 64%] [32m[1mLinking CXX shared library libturtlesim__rosidl_typesupport_cpp.so[0m
[34.095s] [ 64%] Built target turtlesim__rosidl_typesupport_introspection_c
[34.294s] [ 65%] [32mBuilding CXX object CMakeFiles/turtlesim__rosidl_typesupport_fastrtps_c.dir/rosidl_typesupport_fastrtps_c/turtlesim/srv/detail/teleport_relative__type_support_c.cpp.o[0m
[34.349s] [ 66%] [32mBuilding CXX object CMakeFiles/turtlesim__rosidl_typesupport_introspection_cpp.dir/rosidl_typesupport_introspection_cpp/turtlesim/srv/detail/teleport_relative__type_support.cpp.o[0m
[34.499s] [ 67%] [32mBuilding CXX object CMakeFiles/turtlesim__rosidl_typesupport_fastrtps_cpp.dir/rosidl_typesupport_fastrtps_cpp/turtlesim/srv/detail/dds_fastrtps/teleport_absolute__type_support.cpp.o[0m
[34.711s] [ 67%] Built target turtlesim__rosidl_typesupport_cpp
[34.913s] [ 68%] [32mBuilding CXX object CMakeFiles/turtlesim__rosidl_typesupport_fastrtps_cpp.dir/rosidl_typesupport_fastrtps_cpp/turtlesim/srv/detail/dds_fastrtps/teleport_relative__type_support.cpp.o[0m
[35.608s] [ 69%] [34m[1mGenerating include/turtlesim/moc_turtle_frame.cpp[0m
[36.724s] [ 70%] [32mBuilding CXX object CMakeFiles/turtle_teleop_key.dir/tutorials/teleop_turtle_key.cpp.o[0m
[36.731s] [ 71%] [32mBuilding CXX object CMakeFiles/draw_square.dir/tutorials/draw_square.cpp.o[0m
[36.765s] [ 72%] [32mBuilding CXX object CMakeFiles/turtlesim_node.dir/src/turtlesim.cpp.o[0m
[36.895s] [ 73%] [32m[1mLinking CXX shared library libturtlesim__rosidl_typesupport_fastrtps_c.so[0m
[37.008s] [ 74%] [32mBuilding CXX object CMakeFiles/mimic.dir/tutorials/mimic.cpp.o[0m
[37.038s] [ 75%] [32m[1mLinking CXX shared library libturtlesim__rosidl_typesupport_introspection_cpp.so[0m
[37.550s] [ 76%] [32mBuilding CXX object CMakeFiles/turtlesim_node.dir/src/turtle.cpp.o[0m
[37.789s] [ 76%] Built target turtlesim__rosidl_typesupport_fastrtps_c
[37.829s] [ 76%] Built target turtlesim__rosidl_typesupport_introspection_cpp
[37.929s] [ 77%] [32m[1mLinking CXX shared library libturtlesim__rosidl_typesupport_fastrtps_cpp.so[0m
[37.947s] [ 78%] [32mBuilding CXX object CMakeFiles/turtlesim_node.dir/src/turtle_frame.cpp.o[0m
[38.026s] [ 79%] [32mBuilding CXX object CMakeFiles/turtlesim_node.dir/include/turtlesim/moc_turtle_frame.cpp.o[0m
[38.750s] [ 79%] Built target turtlesim__rosidl_typesupport_fastrtps_cpp
[39.332s] [ 79%] Built target turtlesim
[39.888s] [ 80%] [34m[1mGenerating Python code for ROS interfaces[0m
[54.381s] [ 80%] Built target turtlesim__py
[55.421s] [ 81%] [32mBuilding C object CMakeFiles/turtlesim__rosidl_generator_py.dir/rosidl_generator_py/turtlesim/action/_rotate_absolute_s.c.o[0m
[58.684s] [ 82%] [32mBuilding C object CMakeFiles/turtlesim__rosidl_generator_py.dir/rosidl_generator_py/turtlesim/msg/_color_s.c.o[0m
[61.664s] [ 83%] [32mBuilding C object CMakeFiles/turtlesim__rosidl_generator_py.dir/rosidl_generator_py/turtlesim/msg/_pose_s.c.o[0m
[64.696s] [ 84%] [32mBuilding C object CMakeFiles/turtlesim__rosidl_generator_py.dir/rosidl_generator_py/turtlesim/srv/_kill_s.c.o[0m
[67.250s] [ 85%] [32mBuilding C object CMakeFiles/turtlesim__rosidl_generator_py.dir/rosidl_generator_py/turtlesim/srv/_set_pen_s.c.o[0m
[70.044s] [ 86%] [32mBuilding C object CMakeFiles/turtlesim__rosidl_generator_py.dir/rosidl_generator_py/turtlesim/srv/_spawn_s.c.o[0m
[73.404s] [ 87%] [32mBuilding C object CMakeFiles/turtlesim__rosidl_generator_py.dir/rosidl_generator_py/turtlesim/srv/_teleport_absolute_s.c.o[0m
[76.648s] [ 88%] [32mBuilding C object CMakeFiles/turtlesim__rosidl_generator_py.dir/rosidl_generator_py/turtlesim/srv/_teleport_relative_s.c.o[0m
[79.319s] [ 89%] [32m[1mLinking C shared library rosidl_generator_py/turtlesim/libturtlesim__rosidl_generator_py.so[0m
[80.747s] [ 89%] Built target turtlesim__rosidl_generator_py
[81.996s] [ 90%] [32mBuilding C object CMakeFiles/turtlesim__rosidl_typesupport_fastrtps_c__pyext.dir/rosidl_generator_py/turtlesim/_turtlesim_s.ep.rosidl_typesupport_fastrtps_c.c.o[0m
[84.407s] [ 91%] [32mBuilding C object CMakeFiles/turtlesim__rosidl_typesupport_introspection_c__pyext.dir/rosidl_generator_py/turtlesim/_turtlesim_s.ep.rosidl_typesupport_introspection_c.c.o[0m
[86.439s] [ 92%] [32m[1mLinking C shared library rosidl_generator_py/turtlesim/turtlesim_s__rosidl_typesupport_fastrtps_c.cpython-310-x86_64-linux-gnu.so[0m
[87.922s] [ 92%] Built target turtlesim__rosidl_typesupport_fastrtps_c__pyext
[88.352s] [ 93%] [32m[1mLinking C shared library rosidl_generator_py/turtlesim/turtlesim_s__rosidl_typesupport_introspection_c.cpython-310-x86_64-linux-gnu.so[0m
[89.065s] [ 94%] [32mBuilding C object CMakeFiles/turtlesim__rosidl_typesupport_c__pyext.dir/rosidl_generator_py/turtlesim/_turtlesim_s.ep.rosidl_typesupport_c.c.o[0m
[89.522s] [ 94%] Built target turtlesim__rosidl_typesupport_introspection_c__pyext
[91.496s] [ 95%] [32m[1mLinking C shared library rosidl_generator_py/turtlesim/turtlesim_s__rosidl_typesupport_c.cpython-310-x86_64-linux-gnu.so[0m
[92.364s] [ 95%] Built target turtlesim__rosidl_typesupport_c__pyext
[93.550s] [ 96%] [32m[1mLinking CXX executable turtle_teleop_key[0m
[95.896s] [ 96%] Built target turtle_teleop_key
[105.616s] [ 97%] [32m[1mLinking CXX executable mimic[0m
[107.695s] [ 98%] [32m[1mLinking CXX executable draw_square[0m
[108.561s] [ 98%] Built target mimic
[110.826s] [ 98%] Built target draw_square
[114.909s] [100%] [32m[1mLinking CXX executable turtlesim_node[0m
[119.418s] [100%] Built target turtlesim_node
[119.529s] Invoked command in '/home/rosuser/ros2_ws/build/turtlesim' returned '0': CMAKE_PREFIX_PATH=/opt/ros/humble /usr/bin/cmake --build /home/rosuser/ros2_ws/build/turtlesim -- -j8 -l8
[119.615s] Invoking command in '/home/rosuser/ros2_ws/build/turtlesim': CMAKE_PREFIX_PATH=/opt/ros/humble /usr/bin/cmake --install /home/rosuser/ros2_ws/build/turtlesim
[119.699s] -- Install configuration: ""
[119.702s] -- Installing: /home/rosuser/ros2_ws/install/turtlesim/share/ament_index/resource_index/rosidl_interfaces/turtlesim
[119.707s] -- Installing: /home/rosuser/ros2_ws/install/turtlesim/include/turtlesim/turtlesim
[119.708s] -- Installing: /home/rosuser/ros2_ws/install/turtlesim/include/turtlesim/turtlesim/msg
[119.709s] -- Installing: /home/rosuser/ros2_ws/install/turtlesim/include/turtlesim/turtlesim/msg/rosidl_generator_c__visibility_control.h
[119.712s] -- Installing: /home/rosuser/ros2_ws/install/turtlesim/include/turtlesim/turtlesim/msg/color.h
[119.714s] -- Installing: /home/rosuser/ros2_ws/install/turtlesim/include/turtlesim/turtlesim/msg/pose.h
[119.716s] -- Installing: /home/rosuser/ros2_ws/install/turtlesim/include/turtlesim/turtlesim/msg/detail
[119.717s] -- Installing: /home/rosuser/ros2_ws/install/turtlesim/include/turtlesim/turtlesim/msg/detail/pose__type_support.h
[119.719s] -- Installing: /home/rosuser/ros2_ws/install/turtlesim/include/turtlesim/turtlesim/msg/detail/color__functions.h
[119.721s] -- Installing: /home/rosuser/ros2_ws/install/turtlesim/include/turtlesim/turtlesim/msg/detail/pose__functions.h
[119.723s] -- Installing: /home/rosuser/ros2_ws/install/turtlesim/include/turtlesim/turtlesim/msg/detail/color__struct.h
[119.725s] -- Installing: /home/rosuser/ros2_ws/install/turtlesim/include/turtlesim/turtlesim/msg/detail/pose__struct.h
[119.727s] -- Installing: /home/rosuser/ros2_ws/install/turtlesim/include/turtlesim/turtlesim/msg/detail/color__functions.c
[119.729s] -- Installing: /home/rosuser/ros2_ws/install/turtlesim/include/turtlesim/turtlesim/msg/detail/color__type_support.h
[119.732s] -- Installing: /home/rosuser/ros2_ws/install/turtlesim/include/turtlesim/turtlesim/msg/detail/pose__functions.c
[119.734s] -- Installing: /home/rosuser/ros2_ws/install/turtlesim/include/turtlesim/turtlesim/action
[119.735s] -- Installing: /home/rosuser/ros2_ws/install/turtlesim/include/turtlesim/turtlesim/action/rotate_absolute.h
[119.736s] -- Installing: /home/rosuser/ros2_ws/install/turtlesim/include/turtlesim/turtlesim/action/detail
[119.738s] -- Installing: /home/rosuser/ros2_ws/install/turtlesim/include/turtlesim/turtlesim/action/detail/rotate_absolute__functions.c
[119.740s] -- Installing: /home/rosuser/ros2_ws/install/turtlesim/include/turtlesim/turtlesim/action/detail/rotate_absolute__type_support.h
[119.742s] -- Installing: /home/rosuser/ros2_ws/install/turtlesim/include/turtlesim/turtlesim/action/detail/rotate_absolute__struct.h
[119.744s] -- Installing: /home/rosuser/ros2_ws/install/turtlesim/include/turtlesim/turtlesim/action/detail/rotate_absolute__functions.h
[119.747s] -- Installing: /home/rosuser/ros2_ws/install/turtlesim/include/turtlesim/turtlesim/srv
[119.748s] -- Installing: /home/rosuser/ros2_ws/install/turtlesim/include/turtlesim/turtlesim/srv/teleport_relative.h
[119.750s] -- Installing: /home/rosuser/ros2_ws/install/turtlesim/include/turtlesim/turtlesim/srv/kill.h
[119.752s] -- Installing: /home/rosuser/ros2_ws/install/turtlesim/include/turtlesim/turtlesim/srv/spawn.h
[119.754s] -- Installing: /home/rosuser/ros2_ws/install/turtlesim/include/turtlesim/turtlesim/srv/detail
[119.756s] -- Installing: /home/rosuser/ros2_ws/install/turtlesim/include/turtlesim/turtlesim/srv/detail/spawn__functions.h
[119.758s] -- Installing: /home/rosuser/ros2_ws/install/turtlesim/include/turtlesim/turtlesim/srv/detail/kill__struct.h
[119.760s] -- Installing: /home/rosuser/ros2_ws/install/turtlesim/include/turtlesim/turtlesim/srv/detail/teleport_relative__type_support.h
[119.762s] -- Installing: /home/rosuser/ros2_ws/install/turtlesim/include/turtlesim/turtlesim/srv/detail/teleport_absolute__functions.c
[119.764s] -- Installing: /home/rosuser/ros2_ws/install/turtlesim/include/turtlesim/turtlesim/srv/detail/teleport_absolute__struct.h
[119.766s] -- Installing: /home/rosuser/ros2_ws/install/turtlesim/include/turtlesim/turtlesim/srv/detail/set_pen__functions.c
[119.768s] -- Installing: /home/rosuser/ros2_ws/install/turtlesim/include/turtlesim/turtlesim/srv/detail/kill__functions.c
[119.770s] -- Installing: /home/rosuser/ros2_ws/install/turtlesim/include/turtlesim/turtlesim/srv/detail/teleport_relative__struct.h
[119.772s] -- Installing: /home/rosuser/ros2_ws/install/turtlesim/include/turtlesim/turtlesim/srv/detail/teleport_absolute__type_support.h
[119.774s] -- Installing: /home/rosuser/ros2_ws/install/turtlesim/include/turtlesim/turtlesim/srv/detail/teleport_relative__functions.c
[119.777s] -- Installing: /home/rosuser/ros2_ws/install/turtlesim/include/turtlesim/turtlesim/srv/detail/set_pen__type_support.h
[119.779s] -- Installing: /home/rosuser/ros2_ws/install/turtlesim/include/turtlesim/turtlesim/srv/detail/spawn__struct.h
[119.781s] -- Installing: /home/rosuser/ros2_ws/install/turtlesim/include/turtlesim/turtlesim/srv/detail/spawn__functions.c
[119.783s] -- Installing: /home/rosuser/ros2_ws/install/turtlesim/include/turtlesim/turtlesim/srv/detail/set_pen__struct.h
[119.785s] -- Installing: /home/rosuser/ros2_ws/install/turtlesim/include/turtlesim/turtlesim/srv/detail/teleport_absolute__functions.h
[119.786s] -- Installing: /home/rosuser/ros2_ws/install/turtlesim/include/turtlesim/turtlesim/srv/detail/spawn__type_support.h
[119.789s] -- Installing: /home/rosuser/ros2_ws/install/turtlesim/include/turtlesim/turtlesim/srv/detail/kill__type_support.h
[119.791s] -- Installing: /home/rosuser/ros2_ws/install/turtlesim/include/turtlesim/turtlesim/srv/detail/teleport_relative__functions.h
[119.793s] -- Installing: /home/rosuser/ros2_ws/install/turtlesim/include/turtlesim/turtlesim/srv/detail/kill__functions.h
[119.795s] -- Installing: /home/rosuser/ros2_ws/install/turtlesim/include/turtlesim/turtlesim/srv/detail/set_pen__functions.h
[119.797s] -- Installing: /home/rosuser/ros2_ws/install/turtlesim/include/turtlesim/turtlesim/srv/set_pen.h
[119.799s] -- Installing: /home/rosuser/ros2_ws/install/turtlesim/include/turtlesim/turtlesim/srv/teleport_absolute.h
[119.802s] -- Installing: /home/rosuser/ros2_ws/install/turtlesim/share/turtlesim/environment/library_path.sh
[119.804s] -- Installing: /home/rosuser/ros2_ws/install/turtlesim/share/turtlesim/environment/library_path.dsv
[119.807s] -- Installing: /home/rosuser/ros2_ws/install/turtlesim/lib/libturtlesim__rosidl_generator_c.so
[119.814s] -- Set runtime path of "/home/rosuser/ros2_ws/install/turtlesim/lib/libturtlesim__rosidl_generator_c.so" to ""
[119.815s] -- Up-to-date: /home/rosuser/ros2_ws/install/turtlesim/include/turtlesim/turtlesim
[119.815s] -- Up-to-date: /home/rosuser/ros2_ws/install/turtlesim/include/turtlesim/turtlesim/msg
[119.816s] -- Up-to-date: /home/rosuser/ros2_ws/install/turtlesim/include/turtlesim/turtlesim/msg/detail
[119.816s] -- Installing: /home/rosuser/ros2_ws/install/turtlesim/include/turtlesim/turtlesim/msg/detail/color__rosidl_typesupport_fastrtps_c.h
[119.818s] -- Installing: /home/rosuser/ros2_ws/install/turtlesim/include/turtlesim/turtlesim/msg/detail/pose__rosidl_typesupport_fastrtps_c.h
[119.821s] -- Installing: /home/rosuser/ros2_ws/install/turtlesim/include/turtlesim/turtlesim/msg/rosidl_typesupport_fastrtps_c__visibility_control.h
[119.822s] -- Up-to-date: /home/rosuser/ros2_ws/install/turtlesim/include/turtlesim/turtlesim/action
[119.823s] -- Up-to-date: /home/rosuser/ros2_ws/install/turtlesim/include/turtlesim/turtlesim/action/detail
[119.824s] -- Installing: /home/rosuser/ros2_ws/install/turtlesim/include/turtlesim/turtlesim/action/detail/rotate_absolute__rosidl_typesupport_fastrtps_c.h
[119.826s] -- Up-to-date: /home/rosuser/ros2_ws/install/turtlesim/include/turtlesim/turtlesim/srv
[119.827s] -- Up-to-date: /home/rosuser/ros2_ws/install/turtlesim/include/turtlesim/turtlesim/srv/detail
[119.827s] -- Installing: /home/rosuser/ros2_ws/install/turtlesim/include/turtlesim/turtlesim/srv/detail/set_pen__rosidl_typesupport_fastrtps_c.h
[119.829s] -- Installing: /home/rosuser/ros2_ws/install/turtlesim/include/turtlesim/turtlesim/srv/detail/kill__rosidl_typesupport_fastrtps_c.h
[119.831s] -- Installing: /home/rosuser/ros2_ws/install/turtlesim/include/turtlesim/turtlesim/srv/detail/spawn__rosidl_typesupport_fastrtps_c.h
[119.833s] -- Installing: /home/rosuser/ros2_ws/install/turtlesim/include/turtlesim/turtlesim/srv/detail/teleport_absolute__rosidl_typesupport_fastrtps_c.h
[119.835s] -- Installing: /home/rosuser/ros2_ws/install/turtlesim/include/turtlesim/turtlesim/srv/detail/teleport_relative__rosidl_typesupport_fastrtps_c.h
[119.838s] -- Installing: /home/rosuser/ros2_ws/install/turtlesim/lib/libturtlesim__rosidl_typesupport_fastrtps_c.so
[119.841s] -- Set runtime path of "/home/rosuser/ros2_ws/install/turtlesim/lib/libturtlesim__rosidl_typesupport_fastrtps_c.so" to ""
[119.842s] -- Up-to-date: /home/rosuser/ros2_ws/install/turtlesim/include/turtlesim/turtlesim
[119.842s] -- Up-to-date: /home/rosuser/ros2_ws/install/turtlesim/include/turtlesim/turtlesim/msg
[119.843s] -- Installing: /home/rosuser/ros2_ws/install/turtlesim/include/turtlesim/turtlesim/msg/pose.hpp
[119.844s] -- Up-to-date: /home/rosuser/ros2_ws/install/turtlesim/include/turtlesim/turtlesim/msg/detail
[119.845s] -- Installing: /home/rosuser/ros2_ws/install/turtlesim/include/turtlesim/turtlesim/msg/detail/pose__struct.hpp
[119.848s] -- Installing: /home/rosuser/ros2_ws/install/turtlesim/include/turtlesim/turtlesim/msg/detail/color__struct.hpp
[119.849s] -- Installing: /home/rosuser/ros2_ws/install/turtlesim/include/turtlesim/turtlesim/msg/detail/pose__builder.hpp
[119.851s] -- Installing: /home/rosuser/ros2_ws/install/turtlesim/include/turtlesim/turtlesim/msg/detail/color__type_support.hpp
[119.853s] -- Installing: /home/rosuser/ros2_ws/install/turtlesim/include/turtlesim/turtlesim/msg/detail/pose__type_support.hpp
[119.855s] -- Installing: /home/rosuser/ros2_ws/install/turtlesim/include/turtlesim/turtlesim/msg/detail/pose__traits.hpp
[119.857s] -- Installing: /home/rosuser/ros2_ws/install/turtlesim/include/turtlesim/turtlesim/msg/detail/color__builder.hpp
[119.859s] -- Installing: /home/rosuser/ros2_ws/install/turtlesim/include/turtlesim/turtlesim/msg/detail/color__traits.hpp
[119.860s] -- Installing: /home/rosuser/ros2_ws/install/turtlesim/include/turtlesim/turtlesim/msg/rosidl_generator_cpp__visibility_control.hpp
[119.862s] -- Installing: /home/rosuser/ros2_ws/install/turtlesim/include/turtlesim/turtlesim/msg/color.hpp
[119.864s] -- Up-to-date: /home/rosuser/ros2_ws/install/turtlesim/include/turtlesim/turtlesim/action
[119.865s] -- Installing: /home/rosuser/ros2_ws/install/turtlesim/include/turtlesim/turtlesim/action/rotate_absolute.hpp
[119.867s] -- Up-to-date: /home/rosuser/ros2_ws/install/turtlesim/include/turtlesim/turtlesim/action/detail
[119.867s] -- Installing: /home/rosuser/ros2_ws/install/turtlesim/include/turtlesim/turtlesim/action/detail/rotate_absolute__traits.hpp
[119.870s] -- Installing: /home/rosuser/ros2_ws/install/turtlesim/include/turtlesim/turtlesim/action/detail/rotate_absolute__builder.hpp
[119.871s] -- Installing: /home/rosuser/ros2_ws/install/turtlesim/include/turtlesim/turtlesim/action/detail/rotate_absolute__struct.hpp
[119.874s] -- Installing: /home/rosuser/ros2_ws/install/turtlesim/include/turtlesim/turtlesim/action/detail/rotate_absolute__type_support.hpp
[119.875s] -- Up-to-date: /home/rosuser/ros2_ws/install/turtlesim/include/turtlesim/turtlesim/srv
[119.876s] -- Installing: /home/rosuser/ros2_ws/install/turtlesim/include/turtlesim/turtlesim/srv/kill.hpp
[119.878s] -- Up-to-date: /home/rosuser/ros2_ws/install/turtlesim/include/turtlesim/turtlesim/srv/detail
[119.879s] -- Installing: /home/rosuser/ros2_ws/install/turtlesim/include/turtlesim/turtlesim/srv/detail/spawn__struct.hpp
[119.882s] -- Installing: /home/rosuser/ros2_ws/install/turtlesim/include/turtlesim/turtlesim/srv/detail/set_pen__builder.hpp
[119.885s] -- Installing: /home/rosuser/ros2_ws/install/turtlesim/include/turtlesim/turtlesim/srv/detail/teleport_relative__traits.hpp
[119.887s] -- Installing: /home/rosuser/ros2_ws/install/turtlesim/include/turtlesim/turtlesim/srv/detail/set_pen__traits.hpp
[119.889s] -- Installing: /home/rosuser/ros2_ws/install/turtlesim/include/turtlesim/turtlesim/srv/detail/kill__type_support.hpp
[119.891s] -- Installing: /home/rosuser/ros2_ws/install/turtlesim/include/turtlesim/turtlesim/srv/detail/kill__builder.hpp
[119.893s] -- Installing: /home/rosuser/ros2_ws/install/turtlesim/include/turtlesim/turtlesim/srv/detail/teleport_absolute__struct.hpp
[119.894s] -- Installing: /home/rosuser/ros2_ws/install/turtlesim/include/turtlesim/turtlesim/srv/detail/teleport_relative__builder.hpp
[119.896s] -- Installing: /home/rosuser/ros2_ws/install/turtlesim/include/turtlesim/turtlesim/srv/detail/set_pen__type_support.hpp
[119.898s] -- Installing: /home/rosuser/ros2_ws/install/turtlesim/include/turtlesim/turtlesim/srv/detail/teleport_absolute__builder.hpp
[119.900s] -- Installing: /home/rosuser/ros2_ws/install/turtlesim/include/turtlesim/turtlesim/srv/detail/teleport_relative__type_support.hpp
[119.902s] -- Installing: /home/rosuser/ros2_ws/install/turtlesim/include/turtlesim/turtlesim/srv/detail/teleport_absolute__type_support.hpp
[119.904s] -- Installing: /home/rosuser/ros2_ws/install/turtlesim/include/turtlesim/turtlesim/srv/detail/kill__struct.hpp
[119.906s] -- Installing: /home/rosuser/ros2_ws/install/turtlesim/include/turtlesim/turtlesim/srv/detail/teleport_absolute__traits.hpp
[119.908s] -- Installing: /home/rosuser/ros2_ws/install/turtlesim/include/turtlesim/turtlesim/srv/detail/spawn__traits.hpp
[119.910s] -- Installing: /home/rosuser/ros2_ws/install/turtlesim/include/turtlesim/turtlesim/srv/detail/set_pen__struct.hpp
[119.912s] -- Installing: /home/rosuser/ros2_ws/install/turtlesim/include/turtlesim/turtlesim/srv/detail/teleport_relative__struct.hpp
[119.914s] -- Installing: /home/rosuser/ros2_ws/install/turtlesim/include/turtlesim/turtlesim/srv/detail/spawn__type_support.hpp
[119.915s] -- Installing: /home/rosuser/ros2_ws/install/turtlesim/include/turtlesim/turtlesim/srv/detail/spawn__builder.hpp
[119.917s] -- Installing: /home/rosuser/ros2_ws/install/turtlesim/include/turtlesim/turtlesim/srv/detail/kill__traits.hpp
[119.919s] -- Installing: /home/rosuser/ros2_ws/install/turtlesim/include/turtlesim/turtlesim/srv/teleport_absolute.hpp
[119.921s] -- Installing: /home/rosuser/ros2_ws/install/turtlesim/include/turtlesim/turtlesim/srv/teleport_relative.hpp
[119.923s] -- Installing: /home/rosuser/ros2_ws/install/turtlesim/include/turtlesim/turtlesim/srv/spawn.hpp
[119.925s] -- Installing: /home/rosuser/ros2_ws/install/turtlesim/include/turtlesim/turtlesim/srv/set_pen.hpp
[119.927s] -- Up-to-date: /home/rosuser/ros2_ws/install/turtlesim/include/turtlesim/turtlesim
[119.928s] -- Up-to-date: /home/rosuser/ros2_ws/install/turtlesim/include/turtlesim/turtlesim/msg
[119.928s] -- Installing: /home/rosuser/ros2_ws/install/turtlesim/include/turtlesim/turtlesim/msg/rosidl_typesupport_fastrtps_cpp__visibility_control.h
[119.930s] -- Up-to-date: /home/rosuser/ros2_ws/install/turtlesim/include/turtlesim/turtlesim/msg/detail
[119.931s] -- Installing: /home/rosuser/ros2_ws/install/turtlesim/include/turtlesim/turtlesim/msg/detail/color__rosidl_typesupport_fastrtps_cpp.hpp
[119.933s] -- Installing: /home/rosuser/ros2_ws/install/turtlesim/include/turtlesim/turtlesim/msg/detail/pose__rosidl_typesupport_fastrtps_cpp.hpp
[119.935s] -- Installing: /home/rosuser/ros2_ws/install/turtlesim/include/turtlesim/turtlesim/msg/detail/dds_fastrtps
[119.936s] -- Up-to-date: /home/rosuser/ros2_ws/install/turtlesim/include/turtlesim/turtlesim/action
[119.937s] -- Up-to-date: /home/rosuser/ros2_ws/install/turtlesim/include/turtlesim/turtlesim/action/detail
[119.937s] -- Installing: /home/rosuser/ros2_ws/install/turtlesim/include/turtlesim/turtlesim/action/detail/rotate_absolute__rosidl_typesupport_fastrtps_cpp.hpp
[119.940s] -- Installing: /home/rosuser/ros2_ws/install/turtlesim/include/turtlesim/turtlesim/action/detail/dds_fastrtps
[119.941s] -- Up-to-date: /home/rosuser/ros2_ws/install/turtlesim/include/turtlesim/turtlesim/srv
[119.942s] -- Up-to-date: /home/rosuser/ros2_ws/install/turtlesim/include/turtlesim/turtlesim/srv/detail
[119.942s] -- Installing: /home/rosuser/ros2_ws/install/turtlesim/include/turtlesim/turtlesim/srv/detail/spawn__rosidl_typesupport_fastrtps_cpp.hpp
[119.945s] -- Installing: /home/rosuser/ros2_ws/install/turtlesim/include/turtlesim/turtlesim/srv/detail/teleport_relative__rosidl_typesupport_fastrtps_cpp.hpp
[119.947s] -- Installing: /home/rosuser/ros2_ws/install/turtlesim/include/turtlesim/turtlesim/srv/detail/kill__rosidl_typesupport_fastrtps_cpp.hpp
[119.949s] -- Installing: /home/rosuser/ros2_ws/install/turtlesim/include/turtlesim/turtlesim/srv/detail/dds_fastrtps
[119.950s] -- Installing: /home/rosuser/ros2_ws/install/turtlesim/include/turtlesim/turtlesim/srv/detail/set_pen__rosidl_typesupport_fastrtps_cpp.hpp
[119.952s] -- Installing: /home/rosuser/ros2_ws/install/turtlesim/include/turtlesim/turtlesim/srv/detail/teleport_absolute__rosidl_typesupport_fastrtps_cpp.hpp
[119.955s] -- Installing: /home/rosuser/ros2_ws/install/turtlesim/lib/libturtlesim__rosidl_typesupport_fastrtps_cpp.so
[119.959s] -- Set runtime path of "/home/rosuser/ros2_ws/install/turtlesim/lib/libturtlesim__rosidl_typesupport_fastrtps_cpp.so" to ""
[119.960s] -- Up-to-date: /home/rosuser/ros2_ws/install/turtlesim/include/turtlesim/turtlesim
[119.960s] -- Up-to-date: /home/rosuser/ros2_ws/install/turtlesim/include/turtlesim/turtlesim/msg
[119.961s] -- Up-to-date: /home/rosuser/ros2_ws/install/turtlesim/include/turtlesim/turtlesim/msg/detail
[119.962s] -- Installing: /home/rosuser/ros2_ws/install/turtlesim/include/turtlesim/turtlesim/msg/detail/pose__rosidl_typesupport_introspection_c.h
[119.964s] -- Installing: /home/rosuser/ros2_ws/install/turtlesim/include/turtlesim/turtlesim/msg/detail/color__rosidl_typesupport_introspection_c.h
[119.966s] -- Installing: /home/rosuser/ros2_ws/install/turtlesim/include/turtlesim/turtlesim/msg/detail/color__type_support.c
[119.968s] -- Installing: /home/rosuser/ros2_ws/install/turtlesim/include/turtlesim/turtlesim/msg/detail/pose__type_support.c
[119.970s] -- Installing: /home/rosuser/ros2_ws/install/turtlesim/include/turtlesim/turtlesim/msg/rosidl_typesupport_introspection_c__visibility_control.h
[119.972s] -- Up-to-date: /home/rosuser/ros2_ws/install/turtlesim/include/turtlesim/turtlesim/action
[119.973s] -- Up-to-date: /home/rosuser/ros2_ws/install/turtlesim/include/turtlesim/turtlesim/action/detail
[119.973s] -- Installing: /home/rosuser/ros2_ws/install/turtlesim/include/turtlesim/turtlesim/action/detail/rotate_absolute__rosidl_typesupport_introspection_c.h
[119.975s] -- Installing: /home/rosuser/ros2_ws/install/turtlesim/include/turtlesim/turtlesim/action/detail/rotate_absolute__type_support.c
[119.978s] -- Up-to-date: /home/rosuser/ros2_ws/install/turtlesim/include/turtlesim/turtlesim/srv
[119.978s] -- Up-to-date: /home/rosuser/ros2_ws/install/turtlesim/include/turtlesim/turtlesim/srv/detail
[119.979s] -- Installing: /home/rosuser/ros2_ws/install/turtlesim/include/turtlesim/turtlesim/srv/detail/set_pen__type_support.c
[119.982s] -- Installing: /home/rosuser/ros2_ws/install/turtlesim/include/turtlesim/turtlesim/srv/detail/teleport_relative__rosidl_typesupport_introspection_c.h
[119.984s] -- Installing: /home/rosuser/ros2_ws/install/turtlesim/include/turtlesim/turtlesim/srv/detail/spawn__type_support.c
[119.986s] -- Installing: /home/rosuser/ros2_ws/install/turtlesim/include/turtlesim/turtlesim/srv/detail/spawn__rosidl_typesupport_introspection_c.h
[119.988s] -- Installing: /home/rosuser/ros2_ws/install/turtlesim/include/turtlesim/turtlesim/srv/detail/teleport_absolute__rosidl_typesupport_introspection_c.h
[119.990s] -- Installing: /home/rosuser/ros2_ws/install/turtlesim/include/turtlesim/turtlesim/srv/detail/kill__type_support.c
[119.993s] -- Installing: /home/rosuser/ros2_ws/install/turtlesim/include/turtlesim/turtlesim/srv/detail/set_pen__rosidl_typesupport_introspection_c.h
[119.995s] -- Installing: /home/rosuser/ros2_ws/install/turtlesim/include/turtlesim/turtlesim/srv/detail/teleport_relative__type_support.c
[119.997s] -- Installing: /home/rosuser/ros2_ws/install/turtlesim/include/turtlesim/turtlesim/srv/detail/kill__rosidl_typesupport_introspection_c.h
[119.999s] -- Installing: /home/rosuser/ros2_ws/install/turtlesim/include/turtlesim/turtlesim/srv/detail/teleport_absolute__type_support.c
[120.002s] -- Installing: /home/rosuser/ros2_ws/install/turtlesim/lib/libturtlesim__rosidl_typesupport_introspection_c.so
[120.006s] -- Set runtime path of "/home/rosuser/ros2_ws/install/turtlesim/lib/libturtlesim__rosidl_typesupport_introspection_c.so" to ""
[120.006s] -- Installing: /home/rosuser/ros2_ws/install/turtlesim/lib/libturtlesim__rosidl_typesupport_c.so
[120.011s] -- Set runtime path of "/home/rosuser/ros2_ws/install/turtlesim/lib/libturtlesim__rosidl_typesupport_c.so" to ""
[120.011s] -- Up-to-date: /home/rosuser/ros2_ws/install/turtlesim/include/turtlesim/turtlesim
[120.012s] -- Up-to-date: /home/rosuser/ros2_ws/install/turtlesim/include/turtlesim/turtlesim/msg
[120.012s] -- Up-to-date: /home/rosuser/ros2_ws/install/turtlesim/include/turtlesim/turtlesim/msg/detail
[120.013s] -- Installing: /home/rosuser/ros2_ws/install/turtlesim/include/turtlesim/turtlesim/msg/detail/pose__rosidl_typesupport_introspection_cpp.hpp
[120.015s] -- Installing: /home/rosuser/ros2_ws/install/turtlesim/include/turtlesim/turtlesim/msg/detail/color__type_support.cpp
[120.017s] -- Installing: /home/rosuser/ros2_ws/install/turtlesim/include/turtlesim/turtlesim/msg/detail/pose__type_support.cpp
[120.019s] -- Installing: /home/rosuser/ros2_ws/install/turtlesim/include/turtlesim/turtlesim/msg/detail/color__rosidl_typesupport_introspection_cpp.hpp
[120.022s] -- Up-to-date: /home/rosuser/ros2_ws/install/turtlesim/include/turtlesim/turtlesim/action
[120.022s] -- Up-to-date: /home/rosuser/ros2_ws/install/turtlesim/include/turtlesim/turtlesim/action/detail
[120.023s] -- Installing: /home/rosuser/ros2_ws/install/turtlesim/include/turtlesim/turtlesim/action/detail/rotate_absolute__type_support.cpp
[120.026s] -- Installing: /home/rosuser/ros2_ws/install/turtlesim/include/turtlesim/turtlesim/action/detail/rotate_absolute__rosidl_typesupport_introspection_cpp.hpp
[120.027s] -- Up-to-date: /home/rosuser/ros2_ws/install/turtlesim/include/turtlesim/turtlesim/srv
[120.028s] -- Up-to-date: /home/rosuser/ros2_ws/install/turtlesim/include/turtlesim/turtlesim/srv/detail
[120.029s] -- Installing: /home/rosuser/ros2_ws/install/turtlesim/include/turtlesim/turtlesim/srv/detail/spawn__rosidl_typesupport_introspection_cpp.hpp
[120.031s] -- Installing: /home/rosuser/ros2_ws/install/turtlesim/include/turtlesim/turtlesim/srv/detail/teleport_absolute__rosidl_typesupport_introspection_cpp.hpp
[120.034s] -- Installing: /home/rosuser/ros2_ws/install/turtlesim/include/turtlesim/turtlesim/srv/detail/spawn__type_support.cpp
[120.036s] -- Installing: /home/rosuser/ros2_ws/install/turtlesim/include/turtlesim/turtlesim/srv/detail/set_pen__rosidl_typesupport_introspection_cpp.hpp
[120.038s] -- Installing: /home/rosuser/ros2_ws/install/turtlesim/include/turtlesim/turtlesim/srv/detail/teleport_relative__rosidl_typesupport_introspection_cpp.hpp
[120.040s] -- Installing: /home/rosuser/ros2_ws/install/turtlesim/include/turtlesim/turtlesim/srv/detail/teleport_relative__type_support.cpp
[120.042s] -- Installing: /home/rosuser/ros2_ws/install/turtlesim/include/turtlesim/turtlesim/srv/detail/teleport_absolute__type_support.cpp
[120.044s] -- Installing: /home/rosuser/ros2_ws/install/turtlesim/include/turtlesim/turtlesim/srv/detail/kill__rosidl_typesupport_introspection_cpp.hpp
[120.047s] -- Installing: /home/rosuser/ros2_ws/install/turtlesim/include/turtlesim/turtlesim/srv/detail/kill__type_support.cpp
[120.049s] -- Installing: /home/rosuser/ros2_ws/install/turtlesim/include/turtlesim/turtlesim/srv/detail/set_pen__type_support.cpp
[120.051s] -- Installing: /home/rosuser/ros2_ws/install/turtlesim/lib/libturtlesim__rosidl_typesupport_introspection_cpp.so
[120.056s] -- Set runtime path of "/home/rosuser/ros2_ws/install/turtlesim/lib/libturtlesim__rosidl_typesupport_introspection_cpp.so" to ""
[120.056s] -- Installing: /home/rosuser/ros2_ws/install/turtlesim/lib/libturtlesim__rosidl_typesupport_cpp.so
[120.060s] -- Set runtime path of "/home/rosuser/ros2_ws/install/turtlesim/lib/libturtlesim__rosidl_typesupport_cpp.so" to ""
[120.060s] -- Installing: /home/rosuser/ros2_ws/install/turtlesim/share/turtlesim/environment/pythonpath.sh
[120.062s] -- Installing: /home/rosuser/ros2_ws/install/turtlesim/share/turtlesim/environment/pythonpath.dsv
[120.064s] -- Installing: /home/rosuser/ros2_ws/install/turtlesim/local/lib/python3.10/dist-packages/turtlesim-1.4.2-py3.10.egg-info
[120.066s] -- Installing: /home/rosuser/ros2_ws/install/turtlesim/local/lib/python3.10/dist-packages/turtlesim-1.4.2-py3.10.egg-info/PKG-INFO
[120.068s] -- Installing: /home/rosuser/ros2_ws/install/turtlesim/local/lib/python3.10/dist-packages/turtlesim-1.4.2-py3.10.egg-info/SOURCES.txt
[120.070s] -- Installing: /home/rosuser/ros2_ws/install/turtlesim/local/lib/python3.10/dist-packages/turtlesim-1.4.2-py3.10.egg-info/top_level.txt
[120.073s] -- Installing: /home/rosuser/ros2_ws/install/turtlesim/local/lib/python3.10/dist-packages/turtlesim-1.4.2-py3.10.egg-info/dependency_links.txt
[120.075s] -- Installing: /home/rosuser/ros2_ws/install/turtlesim/local/lib/python3.10/dist-packages/turtlesim
[120.076s] -- Installing: /home/rosuser/ros2_ws/install/turtlesim/local/lib/python3.10/dist-packages/turtlesim/libturtlesim__rosidl_generator_py.so
[120.078s] -- Installing: /home/rosuser/ros2_ws/install/turtlesim/local/lib/python3.10/dist-packages/turtlesim/msg
[120.080s] -- Installing: /home/rosuser/ros2_ws/install/turtlesim/local/lib/python3.10/dist-packages/turtlesim/msg/_pose.py
[120.082s] -- Installing: /home/rosuser/ros2_ws/install/turtlesim/local/lib/python3.10/dist-packages/turtlesim/msg/_color.py
[120.084s] -- Installing: /home/rosuser/ros2_ws/install/turtlesim/local/lib/python3.10/dist-packages/turtlesim/msg/_pose_s.c
[120.086s] -- Installing: /home/rosuser/ros2_ws/install/turtlesim/local/lib/python3.10/dist-packages/turtlesim/msg/_color_s.c
[120.088s] -- Installing: /home/rosuser/ros2_ws/install/turtlesim/local/lib/python3.10/dist-packages/turtlesim/msg/__init__.py
[120.090s] -- Installing: /home/rosuser/ros2_ws/install/turtlesim/local/lib/python3.10/dist-packages/turtlesim/_turtlesim_s.ep.rosidl_typesupport_introspection_c.c
[120.094s] -- Installing: /home/rosuser/ros2_ws/install/turtlesim/local/lib/python3.10/dist-packages/turtlesim/__init__.py
[120.095s] -- Installing: /home/rosuser/ros2_ws/install/turtlesim/local/lib/python3.10/dist-packages/turtlesim/_turtlesim_s.ep.rosidl_typesupport_fastrtps_c.c
[120.099s] -- Installing: /home/rosuser/ros2_ws/install/turtlesim/local/lib/python3.10/dist-packages/turtlesim/action
[120.100s] -- Installing: /home/rosuser/ros2_ws/install/turtlesim/local/lib/python3.10/dist-packages/turtlesim/action/_rotate_absolute_s.c
[120.103s] -- Installing: /home/rosuser/ros2_ws/install/turtlesim/local/lib/python3.10/dist-packages/turtlesim/action/__init__.py
[120.105s] -- Installing: /home/rosuser/ros2_ws/install/turtlesim/local/lib/python3.10/dist-packages/turtlesim/action/_rotate_absolute.py
[120.107s] -- Installing: /home/rosuser/ros2_ws/install/turtlesim/local/lib/python3.10/dist-packages/turtlesim/turtlesim_s__rosidl_typesupport_fastrtps_c.cpython-310-x86_64-linux-gnu.so
[120.110s] -- Installing: /home/rosuser/ros2_ws/install/turtlesim/local/lib/python3.10/dist-packages/turtlesim/turtlesim_s__rosidl_typesupport_introspection_c.cpython-310-x86_64-linux-gnu.so
[120.113s] -- Installing: /home/rosuser/ros2_ws/install/turtlesim/local/lib/python3.10/dist-packages/turtlesim/turtlesim_s__rosidl_typesupport_c.cpython-310-x86_64-linux-gnu.so
[120.116s] -- Installing: /home/rosuser/ros2_ws/install/turtlesim/local/lib/python3.10/dist-packages/turtlesim/_turtlesim_s.ep.rosidl_typesupport_c.c
[120.119s] -- Installing: /home/rosuser/ros2_ws/install/turtlesim/local/lib/python3.10/dist-packages/turtlesim/srv
[120.121s] -- Installing: /home/rosuser/ros2_ws/install/turtlesim/local/lib/python3.10/dist-packages/turtlesim/srv/_spawn_s.c
[120.123s] -- Installing: /home/rosuser/ros2_ws/install/turtlesim/local/lib/python3.10/dist-packages/turtlesim/srv/_teleport_relative.py
[120.125s] -- Installing: /home/rosuser/ros2_ws/install/turtlesim/local/lib/python3.10/dist-packages/turtlesim/srv/_teleport_relative_s.c
[120.128s] -- Installing: /home/rosuser/ros2_ws/install/turtlesim/local/lib/python3.10/dist-packages/turtlesim/srv/_kill_s.c
[120.130s] -- Installing: /home/rosuser/ros2_ws/install/turtlesim/local/lib/python3.10/dist-packages/turtlesim/srv/__init__.py
[120.132s] -- Installing: /home/rosuser/ros2_ws/install/turtlesim/local/lib/python3.10/dist-packages/turtlesim/srv/_kill.py
[120.134s] -- Installing: /home/rosuser/ros2_ws/install/turtlesim/local/lib/python3.10/dist-packages/turtlesim/srv/_teleport_absolute_s.c
[120.136s] -- Installing: /home/rosuser/ros2_ws/install/turtlesim/local/lib/python3.10/dist-packages/turtlesim/srv/_set_pen.py
[120.139s] -- Installing: /home/rosuser/ros2_ws/install/turtlesim/local/lib/python3.10/dist-packages/turtlesim/srv/_spawn.py
[120.141s] -- Installing: /home/rosuser/ros2_ws/install/turtlesim/local/lib/python3.10/dist-packages/turtlesim/srv/_teleport_absolute.py
[120.143s] -- Installing: /home/rosuser/ros2_ws/install/turtlesim/local/lib/python3.10/dist-packages/turtlesim/srv/_set_pen_s.c
[120.394s] Listing '/home/rosuser/ros2_ws/install/turtlesim/local/lib/python3.10/dist-packages/turtlesim'...
[120.394s] Compiling '/home/rosuser/ros2_ws/install/turtlesim/local/lib/python3.10/dist-packages/turtlesim/__init__.py'...
[120.394s] Listing '/home/rosuser/ros2_ws/install/turtlesim/local/lib/python3.10/dist-packages/turtlesim/action'...
[120.395s] Compiling '/home/rosuser/ros2_ws/install/turtlesim/local/lib/python3.10/dist-packages/turtlesim/action/__init__.py'...
[120.395s] Compiling '/home/rosuser/ros2_ws/install/turtlesim/local/lib/python3.10/dist-packages/turtlesim/action/_rotate_absolute.py'...
[120.395s] Listing '/home/rosuser/ros2_ws/install/turtlesim/local/lib/python3.10/dist-packages/turtlesim/msg'...
[120.396s] Compiling '/home/rosuser/ros2_ws/install/turtlesim/local/lib/python3.10/dist-packages/turtlesim/msg/__init__.py'...
[120.396s] Compiling '/home/rosuser/ros2_ws/install/turtlesim/local/lib/python3.10/dist-packages/turtlesim/msg/_color.py'...
[120.397s] Compiling '/home/rosuser/ros2_ws/install/turtlesim/local/lib/python3.10/dist-packages/turtlesim/msg/_pose.py'...
[120.397s] Listing '/home/rosuser/ros2_ws/install/turtlesim/local/lib/python3.10/dist-packages/turtlesim/srv'...
[120.397s] Compiling '/home/rosuser/ros2_ws/install/turtlesim/local/lib/python3.10/dist-packages/turtlesim/srv/__init__.py'...
[120.398s] Compiling '/home/rosuser/ros2_ws/install/turtlesim/local/lib/python3.10/dist-packages/turtlesim/srv/_kill.py'...
[120.398s] Compiling '/home/rosuser/ros2_ws/install/turtlesim/local/lib/python3.10/dist-packages/turtlesim/srv/_set_pen.py'...
[120.398s] Compiling '/home/rosuser/ros2_ws/install/turtlesim/local/lib/python3.10/dist-packages/turtlesim/srv/_spawn.py'...
[120.398s] Compiling '/home/rosuser/ros2_ws/install/turtlesim/local/lib/python3.10/dist-packages/turtlesim/srv/_teleport_absolute.py'...
[120.401s] Compiling '/home/rosuser/ros2_ws/install/turtlesim/local/lib/python3.10/dist-packages/turtlesim/srv/_teleport_relative.py'...
[120.409s] -- Installing: /home/rosuser/ros2_ws/install/turtlesim/local/lib/python3.10/dist-packages/turtlesim/turtlesim_s__rosidl_typesupport_fastrtps_c.cpython-310-x86_64-linux-gnu.so
[120.414s] -- Set runtime path of "/home/rosuser/ros2_ws/install/turtlesim/local/lib/python3.10/dist-packages/turtlesim/turtlesim_s__rosidl_typesupport_fastrtps_c.cpython-310-x86_64-linux-gnu.so" to ""
[120.415s] -- Installing: /home/rosuser/ros2_ws/install/turtlesim/local/lib/python3.10/dist-packages/turtlesim/turtlesim_s__rosidl_typesupport_introspection_c.cpython-310-x86_64-linux-gnu.so
[120.419s] -- Set runtime path of "/home/rosuser/ros2_ws/install/turtlesim/local/lib/python3.10/dist-packages/turtlesim/turtlesim_s__rosidl_typesupport_introspection_c.cpython-310-x86_64-linux-gnu.so" to ""
[120.420s] -- Installing: /home/rosuser/ros2_ws/install/turtlesim/local/lib/python3.10/dist-packages/turtlesim/turtlesim_s__rosidl_typesupport_c.cpython-310-x86_64-linux-gnu.so
[120.423s] -- Set runtime path of "/home/rosuser/ros2_ws/install/turtlesim/local/lib/python3.10/dist-packages/turtlesim/turtlesim_s__rosidl_typesupport_c.cpython-310-x86_64-linux-gnu.so" to ""
[120.424s] -- Installing: /home/rosuser/ros2_ws/install/turtlesim/lib/libturtlesim__rosidl_generator_py.so
[120.427s] -- Set runtime path of "/home/rosuser/ros2_ws/install/turtlesim/lib/libturtlesim__rosidl_generator_py.so" to ""
[120.428s] -- Installing: /home/rosuser/ros2_ws/install/turtlesim/share/turtlesim/action/RotateAbsolute.idl
[120.431s] -- Installing: /home/rosuser/ros2_ws/install/turtlesim/share/turtlesim/msg/Color.idl
[120.433s] -- Installing: /home/rosuser/ros2_ws/install/turtlesim/share/turtlesim/msg/Pose.idl
[120.436s] -- Installing: /home/rosuser/ros2_ws/install/turtlesim/share/turtlesim/srv/Kill.idl
[120.438s] -- Installing: /home/rosuser/ros2_ws/install/turtlesim/share/turtlesim/srv/SetPen.idl
[120.440s] -- Installing: /home/rosuser/ros2_ws/install/turtlesim/share/turtlesim/srv/Spawn.idl
[120.442s] -- Installing: /home/rosuser/ros2_ws/install/turtlesim/share/turtlesim/srv/TeleportAbsolute.idl
[120.444s] -- Installing: /home/rosuser/ros2_ws/install/turtlesim/share/turtlesim/srv/TeleportRelative.idl
[120.446s] -- Installing: /home/rosuser/ros2_ws/install/turtlesim/share/turtlesim/action/RotateAbsolute.action
[120.448s] -- Installing: /home/rosuser/ros2_ws/install/turtlesim/share/turtlesim/msg/Color.msg
[120.450s] -- Installing: /home/rosuser/ros2_ws/install/turtlesim/share/turtlesim/msg/Pose.msg
[120.452s] -- Installing: /home/rosuser/ros2_ws/install/turtlesim/share/turtlesim/srv/Kill.srv
[120.454s] -- Installing: /home/rosuser/ros2_ws/install/turtlesim/share/turtlesim/srv/Kill_Request.msg
[120.456s] -- Installing: /home/rosuser/ros2_ws/install/turtlesim/share/turtlesim/srv/Kill_Response.msg
[120.458s] -- Installing: /home/rosuser/ros2_ws/install/turtlesim/share/turtlesim/srv/SetPen.srv
[120.460s] -- Installing: /home/rosuser/ros2_ws/install/turtlesim/share/turtlesim/srv/SetPen_Request.msg
[120.463s] -- Installing: /home/rosuser/ros2_ws/install/turtlesim/share/turtlesim/srv/SetPen_Response.msg
[120.465s] -- Installing: /home/rosuser/ros2_ws/install/turtlesim/share/turtlesim/srv/Spawn.srv
[120.467s] -- Installing: /home/rosuser/ros2_ws/install/turtlesim/share/turtlesim/srv/Spawn_Request.msg
[120.469s] -- Installing: /home/rosuser/ros2_ws/install/turtlesim/share/turtlesim/srv/Spawn_Response.msg
[120.471s] -- Installing: /home/rosuser/ros2_ws/install/turtlesim/share/turtlesim/srv/TeleportAbsolute.srv
[120.472s] -- Installing: /home/rosuser/ros2_ws/install/turtlesim/share/turtlesim/srv/TeleportAbsolute_Request.msg
[120.475s] -- Installing: /home/rosuser/ros2_ws/install/turtlesim/share/turtlesim/srv/TeleportAbsolute_Response.msg
[120.476s] -- Installing: /home/rosuser/ros2_ws/install/turtlesim/share/turtlesim/srv/TeleportRelative.srv
[120.479s] -- Installing: /home/rosuser/ros2_ws/install/turtlesim/share/turtlesim/srv/TeleportRelative_Request.msg
[120.481s] -- Installing: /home/rosuser/ros2_ws/install/turtlesim/share/turtlesim/srv/TeleportRelative_Response.msg
[120.484s] -- Installing: /home/rosuser/ros2_ws/install/turtlesim/lib/turtlesim/turtlesim_node
[120.585s] -- Set runtime path of "/home/rosuser/ros2_ws/install/turtlesim/lib/turtlesim/turtlesim_node" to ""
[120.586s] -- Installing: /home/rosuser/ros2_ws/install/turtlesim/lib/turtlesim/turtle_teleop_key
[120.606s] -- Set runtime path of "/home/rosuser/ros2_ws/install/turtlesim/lib/turtlesim/turtle_teleop_key" to ""
[120.606s] -- Installing: /home/rosuser/ros2_ws/install/turtlesim/lib/turtlesim/draw_square
[120.651s] -- Set runtime path of "/home/rosuser/ros2_ws/install/turtlesim/lib/turtlesim/draw_square" to ""
[120.651s] -- Installing: /home/rosuser/ros2_ws/install/turtlesim/lib/turtlesim/mimic
[120.690s] -- Set runtime path of "/home/rosuser/ros2_ws/install/turtlesim/lib/turtlesim/mimic" to ""
[120.690s] -- Installing: /home/rosuser/ros2_ws/install/turtlesim/share/turtlesim/images
[120.691s] -- Installing: /home/rosuser/ros2_ws/install/turtlesim/share/turtlesim/images/dashing.png
[120.694s] -- Installing: /home/rosuser/ros2_ws/install/turtlesim/share/turtlesim/images/galactic.png
[120.696s] -- Installing: /home/rosuser/ros2_ws/install/turtlesim/share/turtlesim/images/rolling.png
[120.698s] -- Installing: /home/rosuser/ros2_ws/install/turtlesim/share/turtlesim/images/foxy.png
[120.700s] -- Installing: /home/rosuser/ros2_ws/install/turtlesim/share/turtlesim/images/bouncy.png
[120.702s] -- Installing: /home/rosuser/ros2_ws/install/turtlesim/share/turtlesim/images/crystal.png
[120.704s] -- Installing: /home/rosuser/ros2_ws/install/turtlesim/share/turtlesim/images/ardent.png
[120.706s] -- Installing: /home/rosuser/ros2_ws/install/turtlesim/share/turtlesim/images/eloquent.png
[120.708s] -- Installing: /home/rosuser/ros2_ws/install/turtlesim/share/turtlesim/images/humble.png
[120.710s] -- Installing: /home/rosuser/ros2_ws/install/turtlesim/share/turtlesim/launch
[120.711s] -- Installing: /home/rosuser/ros2_ws/install/turtlesim/share/turtlesim/launch/multisim.launch.py
[120.714s] -- Installing: /home/rosuser/ros2_ws/install/turtlesim/share/ament_index/resource_index/package_run_dependencies/turtlesim
[120.716s] -- Installing: /home/rosuser/ros2_ws/install/turtlesim/share/ament_index/resource_index/parent_prefix_path/turtlesim
[120.718s] -- Installing: /home/rosuser/ros2_ws/install/turtlesim/share/turtlesim/environment/ament_prefix_path.sh
[120.720s] -- Installing: /home/rosuser/ros2_ws/install/turtlesim/share/turtlesim/environment/ament_prefix_path.dsv
[120.722s] -- Installing: /home/rosuser/ros2_ws/install/turtlesim/share/turtlesim/environment/path.sh
[120.723s] -- Installing: /home/rosuser/ros2_ws/install/turtlesim/share/turtlesim/environment/path.dsv
[120.726s] -- Installing: /home/rosuser/ros2_ws/install/turtlesim/share/turtlesim/local_setup.bash
[120.727s] -- Installing: /home/rosuser/ros2_ws/install/turtlesim/share/turtlesim/local_setup.sh
[120.729s] -- Installing: /home/rosuser/ros2_ws/install/turtlesim/share/turtlesim/local_setup.zsh
[120.732s] -- Installing: /home/rosuser/ros2_ws/install/turtlesim/share/turtlesim/local_setup.dsv
[120.734s] -- Installing: /home/rosuser/ros2_ws/install/turtlesim/share/turtlesim/package.dsv
[120.736s] -- Installing: /home/rosuser/ros2_ws/install/turtlesim/share/ament_index/resource_index/packages/turtlesim
[120.744s] -- Installing: /home/rosuser/ros2_ws/install/turtlesim/share/turtlesim/cmake/export_turtlesim__rosidl_generator_cExport.cmake
[120.746s] -- Installing: /home/rosuser/ros2_ws/install/turtlesim/share/turtlesim/cmake/export_turtlesim__rosidl_generator_cExport-noconfig.cmake
[120.749s] -- Installing: /home/rosuser/ros2_ws/install/turtlesim/share/turtlesim/cmake/export_turtlesim__rosidl_typesupport_fastrtps_cExport.cmake
[120.751s] -- Installing: /home/rosuser/ros2_ws/install/turtlesim/share/turtlesim/cmake/export_turtlesim__rosidl_typesupport_fastrtps_cExport-noconfig.cmake
[120.754s] -- Installing: /home/rosuser/ros2_ws/install/turtlesim/share/turtlesim/cmake/export_turtlesim__rosidl_generator_cppExport.cmake
[120.759s] -- Installing: /home/rosuser/ros2_ws/install/turtlesim/share/turtlesim/cmake/export_turtlesim__rosidl_typesupport_fastrtps_cppExport.cmake
[120.761s] -- Installing: /home/rosuser/ros2_ws/install/turtlesim/share/turtlesim/cmake/export_turtlesim__rosidl_typesupport_fastrtps_cppExport-noconfig.cmake
[120.763s] -- Installing: /home/rosuser/ros2_ws/install/turtlesim/share/turtlesim/cmake/turtlesim__rosidl_typesupport_introspection_cExport.cmake
[120.766s] -- Installing: /home/rosuser/ros2_ws/install/turtlesim/share/turtlesim/cmake/turtlesim__rosidl_typesupport_introspection_cExport-noconfig.cmake
[120.768s] -- Installing: /home/rosuser/ros2_ws/install/turtlesim/share/turtlesim/cmake/turtlesim__rosidl_typesupport_cExport.cmake
[120.771s] -- Installing: /home/rosuser/ros2_ws/install/turtlesim/share/turtlesim/cmake/turtlesim__rosidl_typesupport_cExport-noconfig.cmake
[120.773s] -- Installing: /home/rosuser/ros2_ws/install/turtlesim/share/turtlesim/cmake/turtlesim__rosidl_typesupport_introspection_cppExport.cmake
[120.775s] -- Installing: /home/rosuser/ros2_ws/install/turtlesim/share/turtlesim/cmake/turtlesim__rosidl_typesupport_introspection_cppExport-noconfig.cmake
[120.778s] -- Installing: /home/rosuser/ros2_ws/install/turtlesim/share/turtlesim/cmake/turtlesim__rosidl_typesupport_cppExport.cmake
[120.780s] -- Installing: /home/rosuser/ros2_ws/install/turtlesim/share/turtlesim/cmake/turtlesim__rosidl_typesupport_cppExport-noconfig.cmake
[120.782s] -- Installing: /home/rosuser/ros2_ws/install/turtlesim/share/turtlesim/cmake/export_turtlesim__rosidl_generator_pyExport.cmake
[120.784s] -- Installing: /home/rosuser/ros2_ws/install/turtlesim/share/turtlesim/cmake/export_turtlesim__rosidl_generator_pyExport-noconfig.cmake
[120.786s] -- Installing: /home/rosuser/ros2_ws/install/turtlesim/share/turtlesim/cmake/rosidl_cmake-extras.cmake
[120.789s] -- Installing: /home/rosuser/ros2_ws/install/turtlesim/share/turtlesim/cmake/ament_cmake_export_dependencies-extras.cmake
[120.791s] -- Installing: /home/rosuser/ros2_ws/install/turtlesim/share/turtlesim/cmake/ament_cmake_export_include_directories-extras.cmake
[120.793s] -- Installing: /home/rosuser/ros2_ws/install/turtlesim/share/turtlesim/cmake/ament_cmake_export_libraries-extras.cmake
[120.796s] -- Installing: /home/rosuser/ros2_ws/install/turtlesim/share/turtlesim/cmake/ament_cmake_export_targets-extras.cmake
[120.798s] -- Installing: /home/rosuser/ros2_ws/install/turtlesim/share/turtlesim/cmake/rosidl_cmake_export_typesupport_targets-extras.cmake
[120.800s] -- Installing: /home/rosuser/ros2_ws/install/turtlesim/share/turtlesim/cmake/rosidl_cmake_export_typesupport_libraries-extras.cmake
[120.802s] -- Installing: /home/rosuser/ros2_ws/install/turtlesim/share/turtlesim/cmake/turtlesimConfig.cmake
[120.804s] -- Installing: /home/rosuser/ros2_ws/install/turtlesim/share/turtlesim/cmake/turtlesimConfig-version.cmake
[120.807s] -- Installing: /home/rosuser/ros2_ws/install/turtlesim/share/turtlesim/package.xml
[120.827s] Invoked command in '/home/rosuser/ros2_ws/build/turtlesim' returned '0': CMAKE_PREFIX_PATH=/opt/ros/humble /usr/bin/cmake --install /home/rosuser/ros2_ws/build/turtlesim
