[0.201s] DEBUG:colcon:Command line arguments: ['/usr/bin/colcon', 'build']
[0.203s] DEBUG:colcon:Parsed command line arguments: Namespace(log_base=None, log_level=None, verb_name='build', build_base='build', install_base='install', merge_install=False, symlink_install=False, test_result_base=None, continue_on_error=False, executor='parallel', parallel_workers=8, event_handlers=None, ignore_user_meta=False, metas=['./colcon.meta'], base_paths=['.'], packages_ignore=None, packages_ignore_regex=None, paths=None, packages_up_to=None, packages_up_to_regex=None, packages_above=None, packages_above_and_dependencies=None, packages_above_depth=None, packages_select_by_dep=None, packages_skip_by_dep=None, packages_skip_up_to=None, packages_select_build_failed=False, packages_skip_build_finished=False, packages_select_test_failures=False, packages_skip_test_passed=False, packages_select=None, packages_skip=None, packages_select_regex=None, packages_skip_regex=None, packages_start=None, packages_end=None, cmake_args=None, cmake_target=None, cmake_target_skip_unavailable=False, cmake_clean_cache=False, cmake_clean_first=False, cmake_force_configure=False, ament_cmake_args=None, catkin_cmake_args=None, catkin_skip_building_tests=False, mixin_files=None, mixin=None, verb_parser=<colcon_mixin.mixin.mixin_argument.MixinArgumentDecorator object at 0x7ffffe2070d0>, verb_extension=<colcon_core.verb.build.BuildVerb object at 0x7ffffe206710>, main=<bound method BuildVerb.main of <colcon_core.verb.build.BuildVerb object at 0x7ffffe206710>>, mixin_verb=('build',))
[0.365s] Level 1:colcon.colcon_core.package_discovery:discover_packages(colcon_meta) check parameters
[0.366s] Level 1:colcon.colcon_core.package_discovery:discover_packages(recursive) check parameters
[0.366s] Level 1:colcon.colcon_core.package_discovery:discover_packages(ignore) check parameters
[0.366s] Level 1:colcon.colcon_core.package_discovery:discover_packages(path) check parameters
[0.366s] Level 1:colcon.colcon_core.package_discovery:discover_packages(colcon_meta) discover
[0.366s] Level 1:colcon.colcon_core.package_discovery:discover_packages(recursive) discover
[0.366s] INFO:colcon.colcon_core.package_discovery:Crawling recursively for packages in '/home/rosuser/ros2_ws'
[0.367s] Level 1:colcon.colcon_core.package_identification:_identify(.) by extensions ['ignore', 'ignore_ament_install']
[0.367s] Level 1:colcon.colcon_core.package_identification:_identify(.) by extension 'ignore'
[0.367s] Level 1:colcon.colcon_core.package_identification:_identify(.) by extension 'ignore_ament_install'
[0.368s] Level 1:colcon.colcon_core.package_identification:_identify(.) by extensions ['colcon_pkg']
[0.368s] Level 1:colcon.colcon_core.package_identification:_identify(.) by extension 'colcon_pkg'
[0.368s] Level 1:colcon.colcon_core.package_identification:_identify(.) by extensions ['colcon_meta']
[0.368s] Level 1:colcon.colcon_core.package_identification:_identify(.) by extension 'colcon_meta'
[0.368s] Level 1:colcon.colcon_core.package_identification:_identify(.) by extensions ['ros']
[0.368s] Level 1:colcon.colcon_core.package_identification:_identify(.) by extension 'ros'
[0.380s] Level 1:colcon.colcon_core.package_identification:_identify(.) by extensions ['cmake', 'python']
[0.380s] Level 1:colcon.colcon_core.package_identification:_identify(.) by extension 'cmake'
[0.381s] Level 1:colcon.colcon_core.package_identification:_identify(.) by extension 'python'
[0.381s] Level 1:colcon.colcon_core.package_identification:_identify(.) by extensions ['python_setup_py']
[0.381s] Level 1:colcon.colcon_core.package_identification:_identify(.) by extension 'python_setup_py'
[0.381s] Level 1:colcon.colcon_core.package_identification:_identify(build) by extensions ['ignore', 'ignore_ament_install']
[0.382s] Level 1:colcon.colcon_core.package_identification:_identify(build) by extension 'ignore'
[0.382s] Level 1:colcon.colcon_core.package_identification:_identify(build) ignored
[0.382s] Level 1:colcon.colcon_core.package_identification:_identify(install) by extensions ['ignore', 'ignore_ament_install']
[0.382s] Level 1:colcon.colcon_core.package_identification:_identify(install) by extension 'ignore'
[0.383s] Level 1:colcon.colcon_core.package_identification:_identify(install) ignored
[0.383s] Level 1:colcon.colcon_core.package_identification:_identify(log) by extensions ['ignore', 'ignore_ament_install']
[0.383s] Level 1:colcon.colcon_core.package_identification:_identify(log) by extension 'ignore'
[0.384s] Level 1:colcon.colcon_core.package_identification:_identify(log) ignored
[0.384s] Level 1:colcon.colcon_core.package_identification:_identify(src) by extensions ['ignore', 'ignore_ament_install']
[0.384s] Level 1:colcon.colcon_core.package_identification:_identify(src) by extension 'ignore'
[0.384s] Level 1:colcon.colcon_core.package_identification:_identify(src) by extension 'ignore_ament_install'
[0.384s] Level 1:colcon.colcon_core.package_identification:_identify(src) by extensions ['colcon_pkg']
[0.385s] Level 1:colcon.colcon_core.package_identification:_identify(src) by extension 'colcon_pkg'
[0.385s] Level 1:colcon.colcon_core.package_identification:_identify(src) by extensions ['colcon_meta']
[0.385s] Level 1:colcon.colcon_core.package_identification:_identify(src) by extension 'colcon_meta'
[0.385s] Level 1:colcon.colcon_core.package_identification:_identify(src) by extensions ['ros']
[0.385s] Level 1:colcon.colcon_core.package_identification:_identify(src) by extension 'ros'
[0.385s] Level 1:colcon.colcon_core.package_identification:_identify(src) by extensions ['cmake', 'python']
[0.385s] Level 1:colcon.colcon_core.package_identification:_identify(src) by extension 'cmake'
[0.386s] Level 1:colcon.colcon_core.package_identification:_identify(src) by extension 'python'
[0.386s] Level 1:colcon.colcon_core.package_identification:_identify(src) by extensions ['python_setup_py']
[0.386s] Level 1:colcon.colcon_core.package_identification:_identify(src) by extension 'python_setup_py'
[0.386s] Level 1:colcon.colcon_core.package_identification:_identify(src/ros_tutorials) by extensions ['ignore', 'ignore_ament_install']
[0.386s] Level 1:colcon.colcon_core.package_identification:_identify(src/ros_tutorials) by extension 'ignore'
[0.387s] Level 1:colcon.colcon_core.package_identification:_identify(src/ros_tutorials) by extension 'ignore_ament_install'
[0.387s] Level 1:colcon.colcon_core.package_identification:_identify(src/ros_tutorials) by extensions ['colcon_pkg']
[0.387s] Level 1:colcon.colcon_core.package_identification:_identify(src/ros_tutorials) by extension 'colcon_pkg'
[0.387s] Level 1:colcon.colcon_core.package_identification:_identify(src/ros_tutorials) by extensions ['colcon_meta']
[0.387s] Level 1:colcon.colcon_core.package_identification:_identify(src/ros_tutorials) by extension 'colcon_meta'
[0.387s] Level 1:colcon.colcon_core.package_identification:_identify(src/ros_tutorials) by extensions ['ros']
[0.387s] Level 1:colcon.colcon_core.package_identification:_identify(src/ros_tutorials) by extension 'ros'
[0.388s] Level 1:colcon.colcon_core.package_identification:_identify(src/ros_tutorials) by extensions ['cmake', 'python']
[0.388s] Level 1:colcon.colcon_core.package_identification:_identify(src/ros_tutorials) by extension 'cmake'
[0.388s] Level 1:colcon.colcon_core.package_identification:_identify(src/ros_tutorials) by extension 'python'
[0.388s] Level 1:colcon.colcon_core.package_identification:_identify(src/ros_tutorials) by extensions ['python_setup_py']
[0.388s] Level 1:colcon.colcon_core.package_identification:_identify(src/ros_tutorials) by extension 'python_setup_py'
[0.388s] Level 1:colcon.colcon_core.package_identification:_identify(src/ros_tutorials/ros_tutorials) by extensions ['ignore', 'ignore_ament_install']
[0.389s] Level 1:colcon.colcon_core.package_identification:_identify(src/ros_tutorials/ros_tutorials) by extension 'ignore'
[0.389s] Level 1:colcon.colcon_core.package_identification:_identify(src/ros_tutorials/ros_tutorials) ignored
[0.389s] Level 1:colcon.colcon_core.package_identification:_identify(src/ros_tutorials/roscpp_tutorials) by extensions ['ignore', 'ignore_ament_install']
[0.390s] Level 1:colcon.colcon_core.package_identification:_identify(src/ros_tutorials/roscpp_tutorials) by extension 'ignore'
[0.390s] Level 1:colcon.colcon_core.package_identification:_identify(src/ros_tutorials/roscpp_tutorials) ignored
[0.390s] Level 1:colcon.colcon_core.package_identification:_identify(src/ros_tutorials/rospy_tutorials) by extensions ['ignore', 'ignore_ament_install']
[0.390s] Level 1:colcon.colcon_core.package_identification:_identify(src/ros_tutorials/rospy_tutorials) by extension 'ignore'
[0.390s] Level 1:colcon.colcon_core.package_identification:_identify(src/ros_tutorials/rospy_tutorials) ignored
[0.391s] Level 1:colcon.colcon_core.package_identification:_identify(src/ros_tutorials/turtlesim) by extensions ['ignore', 'ignore_ament_install']
[0.391s] Level 1:colcon.colcon_core.package_identification:_identify(src/ros_tutorials/turtlesim) by extension 'ignore'
[0.391s] Level 1:colcon.colcon_core.package_identification:_identify(src/ros_tutorials/turtlesim) by extension 'ignore_ament_install'
[0.391s] Level 1:colcon.colcon_core.package_identification:_identify(src/ros_tutorials/turtlesim) by extensions ['colcon_pkg']
[0.391s] Level 1:colcon.colcon_core.package_identification:_identify(src/ros_tutorials/turtlesim) by extension 'colcon_pkg'
[0.392s] Level 1:colcon.colcon_core.package_identification:_identify(src/ros_tutorials/turtlesim) by extensions ['colcon_meta']
[0.392s] Level 1:colcon.colcon_core.package_identification:_identify(src/ros_tutorials/turtlesim) by extension 'colcon_meta'
[0.392s] Level 1:colcon.colcon_core.package_identification:_identify(src/ros_tutorials/turtlesim) by extensions ['ros']
[0.392s] Level 1:colcon.colcon_core.package_identification:_identify(src/ros_tutorials/turtlesim) by extension 'ros'
[0.402s] DEBUG:colcon.colcon_core.package_identification:Package 'src/ros_tutorials/turtlesim' with type 'ros.ament_cmake' and name 'turtlesim'
[0.402s] Level 1:colcon.colcon_core.package_discovery:discover_packages(recursive) using defaults
[0.402s] Level 1:colcon.colcon_core.package_discovery:discover_packages(ignore) discover
[0.403s] Level 1:colcon.colcon_core.package_discovery:discover_packages(ignore) using defaults
[0.403s] Level 1:colcon.colcon_core.package_discovery:discover_packages(path) discover
[0.403s] Level 1:colcon.colcon_core.package_discovery:discover_packages(path) using defaults
[0.433s] Level 5:colcon.colcon_core.verb:set package 'turtlesim' build argument 'cmake_args' from command line to 'None'
[0.433s] Level 5:colcon.colcon_core.verb:set package 'turtlesim' build argument 'cmake_target' from command line to 'None'
[0.433s] Level 5:colcon.colcon_core.verb:set package 'turtlesim' build argument 'cmake_target_skip_unavailable' from command line to 'False'
[0.433s] Level 5:colcon.colcon_core.verb:set package 'turtlesim' build argument 'cmake_clean_cache' from command line to 'False'
[0.434s] Level 5:colcon.colcon_core.verb:set package 'turtlesim' build argument 'cmake_clean_first' from command line to 'False'
[0.434s] Level 5:colcon.colcon_core.verb:set package 'turtlesim' build argument 'cmake_force_configure' from command line to 'False'
[0.434s] Level 5:colcon.colcon_core.verb:set package 'turtlesim' build argument 'ament_cmake_args' from command line to 'None'
[0.434s] Level 5:colcon.colcon_core.verb:set package 'turtlesim' build argument 'catkin_cmake_args' from command line to 'None'
[0.434s] Level 5:colcon.colcon_core.verb:set package 'turtlesim' build argument 'catkin_skip_building_tests' from command line to 'False'
[0.434s] DEBUG:colcon.colcon_core.verb:Building package 'turtlesim' with the following arguments: {'ament_cmake_args': None, 'build_base': '/home/rosuser/ros2_ws/build/turtlesim', 'catkin_cmake_args': None, 'catkin_skip_building_tests': False, 'cmake_args': None, 'cmake_clean_cache': False, 'cmake_clean_first': False, 'cmake_force_configure': False, 'cmake_target': None, 'cmake_target_skip_unavailable': False, 'install_base': '/home/rosuser/ros2_ws/install/turtlesim', 'merge_install': False, 'path': '/home/rosuser/ros2_ws/src/ros_tutorials/turtlesim', 'symlink_install': False, 'test_result_base': None}
[0.434s] INFO:colcon.colcon_core.executor:Executing jobs using 'parallel' executor
[0.439s] DEBUG:colcon.colcon_parallel_executor.executor.parallel:run_until_complete
[0.440s] INFO:colcon.colcon_ros.task.ament_cmake.build:Building ROS package in '/home/rosuser/ros2_ws/src/ros_tutorials/turtlesim' with build type 'ament_cmake'
[0.440s] INFO:colcon.colcon_cmake.task.cmake.build:Building CMake package in '/home/rosuser/ros2_ws/src/ros_tutorials/turtlesim'
[0.448s] INFO:colcon.colcon_core.plugin_system:Skipping extension 'colcon_core.shell.bat': Not used on non-Windows systems
[0.448s] INFO:colcon.colcon_core.shell:Skip shell extension 'powershell' for command environment: Not usable outside of PowerShell
[0.448s] DEBUG:colcon.colcon_core.shell:Skip shell extension 'dsv' for command environment
[0.531s] DEBUG:colcon.colcon_core.event_handler.log_command:Invoking command in '/home/rosuser/ros2_ws/build/turtlesim': CMAKE_PREFIX_PATH=/opt/ros/humble /usr/bin/cmake /home/rosuser/ros2_ws/src/ros_tutorials/turtlesim -DCMAKE_INSTALL_PREFIX=/home/rosuser/ros2_ws/install/turtlesim
[12.841s] DEBUG:colcon.colcon_core.event_handler.log_command:Invoked command in '/home/rosuser/ros2_ws/build/turtlesim' returned '0': CMAKE_PREFIX_PATH=/opt/ros/humble /usr/bin/cmake /home/rosuser/ros2_ws/src/ros_tutorials/turtlesim -DCMAKE_INSTALL_PREFIX=/home/rosuser/ros2_ws/install/turtlesim
[12.849s] DEBUG:colcon.colcon_core.event_handler.log_command:Invoking command in '/home/rosuser/ros2_ws/build/turtlesim': CMAKE_PREFIX_PATH=/opt/ros/humble /usr/bin/cmake --build /home/rosuser/ros2_ws/build/turtlesim -- -j8 -l8
[119.970s] DEBUG:colcon.colcon_core.event_handler.log_command:Invoked command in '/home/rosuser/ros2_ws/build/turtlesim' returned '0': CMAKE_PREFIX_PATH=/opt/ros/humble /usr/bin/cmake --build /home/rosuser/ros2_ws/build/turtlesim -- -j8 -l8
[120.059s] DEBUG:colcon.colcon_core.event_handler.log_command:Invoking command in '/home/rosuser/ros2_ws/build/turtlesim': CMAKE_PREFIX_PATH=/opt/ros/humble /usr/bin/cmake --install /home/rosuser/ros2_ws/build/turtlesim
[121.264s] Level 1:colcon.colcon_core.environment:create_environment_scripts_only(turtlesim)
[121.268s] DEBUG:colcon.colcon_core.event_handler.log_command:Invoked command in '/home/rosuser/ros2_ws/build/turtlesim' returned '0': CMAKE_PREFIX_PATH=/opt/ros/humble /usr/bin/cmake --install /home/rosuser/ros2_ws/build/turtlesim
[121.276s] Level 1:colcon.colcon_core.environment:checking '/home/rosuser/ros2_ws/install/turtlesim' for CMake module files
[121.280s] Level 1:colcon.colcon_core.environment:checking '/home/rosuser/ros2_ws/install/turtlesim' for CMake config files
[121.288s] Level 1:colcon.colcon_core.shell:create_environment_hook('turtlesim', 'cmake_prefix_path')
[121.289s] INFO:colcon.colcon_core.shell:Creating environment hook '/home/rosuser/ros2_ws/install/turtlesim/share/turtlesim/hook/cmake_prefix_path.ps1'
[121.294s] INFO:colcon.colcon_core.shell:Creating environment descriptor '/home/rosuser/ros2_ws/install/turtlesim/share/turtlesim/hook/cmake_prefix_path.dsv'
[121.295s] INFO:colcon.colcon_core.shell:Creating environment hook '/home/rosuser/ros2_ws/install/turtlesim/share/turtlesim/hook/cmake_prefix_path.sh'
[121.297s] Level 1:colcon.colcon_core.environment:checking '/home/rosuser/ros2_ws/install/turtlesim/lib'
[121.298s] Level 1:colcon.colcon_core.shell:create_environment_hook('turtlesim', 'ld_library_path_lib')
[121.298s] INFO:colcon.colcon_core.shell:Creating environment hook '/home/rosuser/ros2_ws/install/turtlesim/share/turtlesim/hook/ld_library_path_lib.ps1'
[121.299s] INFO:colcon.colcon_core.shell:Creating environment descriptor '/home/rosuser/ros2_ws/install/turtlesim/share/turtlesim/hook/ld_library_path_lib.dsv'
[121.300s] INFO:colcon.colcon_core.shell:Creating environment hook '/home/rosuser/ros2_ws/install/turtlesim/share/turtlesim/hook/ld_library_path_lib.sh'
[121.301s] Level 1:colcon.colcon_core.environment:checking '/home/rosuser/ros2_ws/install/turtlesim/bin'
[121.301s] Level 1:colcon.colcon_core.environment:checking '/home/rosuser/ros2_ws/install/turtlesim/lib/pkgconfig/turtlesim.pc'
[121.303s] Level 1:colcon.colcon_core.environment:checking '/home/rosuser/ros2_ws/install/turtlesim/lib/python3.10/site-packages'
[121.303s] Level 1:colcon.colcon_core.environment:checking '/home/rosuser/ros2_ws/install/turtlesim/bin'
[121.304s] INFO:colcon.colcon_core.shell:Creating package script '/home/rosuser/ros2_ws/install/turtlesim/share/turtlesim/package.ps1'
[121.306s] INFO:colcon.colcon_core.shell:Creating package descriptor '/home/rosuser/ros2_ws/install/turtlesim/share/turtlesim/package.dsv'
[121.307s] INFO:colcon.colcon_core.shell:Creating package script '/home/rosuser/ros2_ws/install/turtlesim/share/turtlesim/package.sh'
[121.309s] INFO:colcon.colcon_core.shell:Creating package script '/home/rosuser/ros2_ws/install/turtlesim/share/turtlesim/package.bash'
[121.311s] INFO:colcon.colcon_core.shell:Creating package script '/home/rosuser/ros2_ws/install/turtlesim/share/turtlesim/package.zsh'
[121.312s] Level 1:colcon.colcon_core.environment:create_file_with_runtime_dependencies(/home/rosuser/ros2_ws/install/turtlesim/share/colcon-core/packages/turtlesim)
[121.315s] Level 1:colcon.colcon_core.environment:create_environment_scripts_only(turtlesim)
[121.315s] Level 1:colcon.colcon_core.environment:checking '/home/rosuser/ros2_ws/install/turtlesim' for CMake module files
[121.318s] Level 1:colcon.colcon_core.environment:checking '/home/rosuser/ros2_ws/install/turtlesim' for CMake config files
[121.324s] Level 1:colcon.colcon_core.shell:create_environment_hook('turtlesim', 'cmake_prefix_path')
[121.324s] INFO:colcon.colcon_core.shell:Creating environment hook '/home/rosuser/ros2_ws/install/turtlesim/share/turtlesim/hook/cmake_prefix_path.ps1'
[121.325s] INFO:colcon.colcon_core.shell:Creating environment descriptor '/home/rosuser/ros2_ws/install/turtlesim/share/turtlesim/hook/cmake_prefix_path.dsv'
[121.326s] INFO:colcon.colcon_core.shell:Creating environment hook '/home/rosuser/ros2_ws/install/turtlesim/share/turtlesim/hook/cmake_prefix_path.sh'
[121.327s] Level 1:colcon.colcon_core.environment:checking '/home/rosuser/ros2_ws/install/turtlesim/lib'
[121.327s] Level 1:colcon.colcon_core.shell:create_environment_hook('turtlesim', 'ld_library_path_lib')
[121.327s] INFO:colcon.colcon_core.shell:Creating environment hook '/home/rosuser/ros2_ws/install/turtlesim/share/turtlesim/hook/ld_library_path_lib.ps1'
[121.328s] INFO:colcon.colcon_core.shell:Creating environment descriptor '/home/rosuser/ros2_ws/install/turtlesim/share/turtlesim/hook/ld_library_path_lib.dsv'
[121.329s] INFO:colcon.colcon_core.shell:Creating environment hook '/home/rosuser/ros2_ws/install/turtlesim/share/turtlesim/hook/ld_library_path_lib.sh'
[121.329s] Level 1:colcon.colcon_core.environment:checking '/home/rosuser/ros2_ws/install/turtlesim/bin'
[121.329s] Level 1:colcon.colcon_core.environment:checking '/home/rosuser/ros2_ws/install/turtlesim/lib/pkgconfig/turtlesim.pc'
[121.330s] Level 1:colcon.colcon_core.environment:checking '/home/rosuser/ros2_ws/install/turtlesim/lib/python3.10/site-packages'
[121.330s] Level 1:colcon.colcon_core.environment:checking '/home/rosuser/ros2_ws/install/turtlesim/bin'
[121.331s] INFO:colcon.colcon_core.shell:Creating package script '/home/rosuser/ros2_ws/install/turtlesim/share/turtlesim/package.ps1'
[121.331s] INFO:colcon.colcon_core.shell:Creating package descriptor '/home/rosuser/ros2_ws/install/turtlesim/share/turtlesim/package.dsv'
[121.332s] INFO:colcon.colcon_core.shell:Creating package script '/home/rosuser/ros2_ws/install/turtlesim/share/turtlesim/package.sh'
[121.334s] INFO:colcon.colcon_core.shell:Creating package script '/home/rosuser/ros2_ws/install/turtlesim/share/turtlesim/package.bash'
[121.335s] INFO:colcon.colcon_core.shell:Creating package script '/home/rosuser/ros2_ws/install/turtlesim/share/turtlesim/package.zsh'
[121.336s] Level 1:colcon.colcon_core.environment:create_file_with_runtime_dependencies(/home/rosuser/ros2_ws/install/turtlesim/share/colcon-core/packages/turtlesim)
[121.337s] DEBUG:colcon.colcon_parallel_executor.executor.parallel:closing loop
[121.338s] DEBUG:colcon.colcon_parallel_executor.executor.parallel:loop closed
[121.338s] DEBUG:colcon.colcon_parallel_executor.executor.parallel:run_until_complete finished with '0'
[121.339s] DEBUG:colcon.colcon_core.event_reactor:joining thread
[121.354s] INFO:colcon.colcon_core.plugin_system:Skipping extension 'colcon_notification.desktop_notification.notify_send': Could not find 'notify-send'
[121.354s] INFO:colcon.colcon_core.plugin_system:Skipping extension 'colcon_notification.desktop_notification.terminal_notifier': Not used on non-Darwin systems
[121.354s] INFO:colcon.colcon_core.plugin_system:Skipping extension 'colcon_notification.desktop_notification.win32': Not used on non-Windows systems
[121.355s] INFO:colcon.colcon_notification.desktop_notification:Sending desktop notification using 'notify2'
[121.363s] DEBUG:colcon.colcon_notification.desktop_notification.notify2:Failed to initialize notify2: org.freedesktop.DBus.Error.Spawn.ExecFailed: /usr/bin/dbus-launch terminated abnormally without any error message
[121.364s] DEBUG:colcon.colcon_core.event_reactor:joined thread
[121.365s] INFO:colcon.colcon_core.shell:Creating prefix script '/home/rosuser/ros2_ws/install/local_setup.ps1'
[121.368s] INFO:colcon.colcon_core.shell:Creating prefix util module '/home/rosuser/ros2_ws/install/_local_setup_util_ps1.py'
[121.372s] INFO:colcon.colcon_core.shell:Creating prefix chain script '/home/rosuser/ros2_ws/install/setup.ps1'
[121.374s] INFO:colcon.colcon_core.shell:Creating prefix script '/home/rosuser/ros2_ws/install/local_setup.sh'
[121.375s] INFO:colcon.colcon_core.shell:Creating prefix util module '/home/rosuser/ros2_ws/install/_local_setup_util_sh.py'
[121.376s] INFO:colcon.colcon_core.shell:Creating prefix chain script '/home/rosuser/ros2_ws/install/setup.sh'
[121.377s] INFO:colcon.colcon_core.shell:Creating prefix script '/home/rosuser/ros2_ws/install/local_setup.bash'
[121.379s] INFO:colcon.colcon_core.shell:Creating prefix chain script '/home/rosuser/ros2_ws/install/setup.bash'
[121.381s] INFO:colcon.colcon_core.shell:Creating prefix script '/home/rosuser/ros2_ws/install/local_setup.zsh'
[121.382s] INFO:colcon.colcon_core.shell:Creating prefix chain script '/home/rosuser/ros2_ws/install/setup.zsh'
